Copyright 1986-2021 Xilinx, Inc. All Rights Reserved.
------------------------------------------------------------------------------------
| Tool Version : Vivado v.2021.1 (win64) Build 3247384 Thu Jun 10 19:36:33 MDT 2021
| Date         : Thu Oct 28 17:44:56 2021
| Host         : AELAB-RG1OCO4RM running 64-bit major release  (build 9200)
| Command      : upgrade_ip
| Device       : xc7z020clg484-1
------------------------------------------------------------------------------------

Upgrade Log for IP 'Zed_SPI_PL_SPI_v1_0_0_0'

1. Summary
----------

SUCCESS in the upgrade of Zed_SPI_PL_SPI_v1_0_0_0 (xilinx.com:user:PL_SPI_v1_0:1.0) from (Rev. 40) to (Rev. 41)






Copyright 1986-2021 Xilinx, Inc. All Rights Reserved.
------------------------------------------------------------------------------------
| Tool Version : Vivado v.2021.1 (win64) Build 3247384 Thu Jun 10 19:36:33 MDT 2021
| Date         : Thu Oct 28 17:12:17 2021
| Host         : AELAB-RG1OCO4RM running 64-bit major release  (build 9200)
| Command      : upgrade_ip
| Device       : xc7z020clg484-1
------------------------------------------------------------------------------------

Upgrade Log for IP 'Zed_SPI_PL_SPI_v1_0_0_0'

1. Summary
----------

SUCCESS in the upgrade of Zed_SPI_PL_SPI_v1_0_0_0 (xilinx.com:user:PL_SPI_v1_0:1.0) from (Rev. 39) to (Rev. 40)






Copyright 1986-2021 Xilinx, Inc. All Rights Reserved.
------------------------------------------------------------------------------------
| Tool Version : Vivado v.2021.1 (win64) Build 3247384 Thu Jun 10 19:36:33 MDT 2021
| Date         : Thu Oct 28 14:43:01 2021
| Host         : AELAB-RG1OCO4RM running 64-bit major release  (build 9200)
| Command      : upgrade_ip
| Device       : xc7z020clg484-1
------------------------------------------------------------------------------------

Upgrade Log for IP 'Zed_SPI_PL_SPI_v1_0_0_0'

1. Summary
----------

SUCCESS in the upgrade of Zed_SPI_PL_SPI_v1_0_0_0 (xilinx.com:user:PL_SPI_v1_0:1.0) from (Rev. 38) to (Rev. 39)






Copyright 1986-2021 Xilinx, Inc. All Rights Reserved.
------------------------------------------------------------------------------------
| Tool Version : Vivado v.2021.1 (win64) Build 3247384 Thu Jun 10 19:36:33 MDT 2021
| Date         : Thu Oct 28 14:24:23 2021
| Host         : AELAB-RG1OCO4RM running 64-bit major release  (build 9200)
| Command      : upgrade_ip
| Device       : xc7z020clg484-1
------------------------------------------------------------------------------------

Upgrade Log for IP 'Zed_SPI_PL_SPI_v1_0_0_0'

1. Summary
----------

SUCCESS in the upgrade of Zed_SPI_PL_SPI_v1_0_0_0 (xilinx.com:user:PL_SPI_v1_0:1.0) from (Rev. 37) to (Rev. 38)






Copyright 1986-2021 Xilinx, Inc. All Rights Reserved.
------------------------------------------------------------------------------------
| Tool Version : Vivado v.2021.1 (win64) Build 3247384 Thu Jun 10 19:36:33 MDT 2021
| Date         : Thu Oct 28 11:22:59 2021
| Host         : AELAB-RG1OCO4RM running 64-bit major release  (build 9200)
| Command      : upgrade_ip
| Device       : xc7z020clg484-1
------------------------------------------------------------------------------------

Upgrade Log for IP 'Zed_SPI_PL_SPI_v1_0_0_0'

1. Summary
----------

SUCCESS in the upgrade of Zed_SPI_PL_SPI_v1_0_0_0 (xilinx.com:user:PL_SPI_v1_0:1.0) from (Rev. 36) to (Rev. 37)






Copyright 1986-2021 Xilinx, Inc. All Rights Reserved.
------------------------------------------------------------------------------------
| Tool Version : Vivado v.2021.1 (win64) Build 3247384 Thu Jun 10 19:36:33 MDT 2021
| Date         : Wed Oct 27 17:47:03 2021
| Host         : AELAB-RG1OCO4RM running 64-bit major release  (build 9200)
| Command      : upgrade_ip
| Device       : xc7z020clg484-1
------------------------------------------------------------------------------------

Upgrade Log for IP 'Zed_SPI_PL_SPI_v1_0_0_0'

1. Summary
----------

SUCCESS in the upgrade of Zed_SPI_PL_SPI_v1_0_0_0 (xilinx.com:user:PL_SPI_v1_0:1.0) from (Rev. 35) to (Rev. 36)






Copyright 1986-2021 Xilinx, Inc. All Rights Reserved.
------------------------------------------------------------------------------------
| Tool Version : Vivado v.2021.1 (win64) Build 3247384 Thu Jun 10 19:36:33 MDT 2021
| Date         : Wed Oct 27 17:38:14 2021
| Host         : AELAB-RG1OCO4RM running 64-bit major release  (build 9200)
| Command      : upgrade_ip
| Device       : xc7z020clg484-1
------------------------------------------------------------------------------------

Upgrade Log for IP 'Zed_SPI_PL_SPI_v1_0_0_0'

1. Summary
----------

SUCCESS in the upgrade of Zed_SPI_PL_SPI_v1_0_0_0 (xilinx.com:user:PL_SPI_v1_0:1.0) from (Rev. 34) to (Rev. 35)






Copyright 1986-2021 Xilinx, Inc. All Rights Reserved.
------------------------------------------------------------------------------------
| Tool Version : Vivado v.2021.1 (win64) Build 3247384 Thu Jun 10 19:36:33 MDT 2021
| Date         : Wed Oct 27 17:09:24 2021
| Host         : AELAB-RG1OCO4RM running 64-bit major release  (build 9200)
| Command      : upgrade_ip
| Device       : xc7z020clg484-1
------------------------------------------------------------------------------------

Upgrade Log for IP 'Zed_SPI_PL_SPI_v1_0_0_0'

1. Summary
----------

SUCCESS in the upgrade of Zed_SPI_PL_SPI_v1_0_0_0 (xilinx.com:user:PL_SPI_v1_0:1.0) from (Rev. 33) to (Rev. 34)






Copyright 1986-2021 Xilinx, Inc. All Rights Reserved.
------------------------------------------------------------------------------------
| Tool Version : Vivado v.2021.1 (win64) Build 3247384 Thu Jun 10 19:36:33 MDT 2021
| Date         : Wed Oct 27 16:54:45 2021
| Host         : AELAB-RG1OCO4RM running 64-bit major release  (build 9200)
| Command      : upgrade_ip
| Device       : xc7z020clg484-1
------------------------------------------------------------------------------------

Upgrade Log for IP 'Zed_SPI_PL_SPI_v1_0_0_0'

1. Summary
----------

SUCCESS in the upgrade of Zed_SPI_PL_SPI_v1_0_0_0 (xilinx.com:user:PL_SPI_v1_0:1.0) from (Rev. 32) to (Rev. 33)






Copyright 1986-2021 Xilinx, Inc. All Rights Reserved.
------------------------------------------------------------------------------------
| Tool Version : Vivado v.2021.1 (win64) Build 3247384 Thu Jun 10 19:36:33 MDT 2021
| Date         : Wed Oct 27 15:53:22 2021
| Host         : AELAB-RG1OCO4RM running 64-bit major release  (build 9200)
| Command      : upgrade_ip
| Device       : xc7z020clg484-1
------------------------------------------------------------------------------------

Upgrade Log for IP 'Zed_SPI_PL_SPI_v1_0_0_0'

1. Summary
----------

SUCCESS in the upgrade of Zed_SPI_PL_SPI_v1_0_0_0 (xilinx.com:user:PL_SPI_v1_0:1.0) from (Rev. 31) to (Rev. 32)






Copyright 1986-2021 Xilinx, Inc. All Rights Reserved.
------------------------------------------------------------------------------------
| Tool Version : Vivado v.2021.1 (win64) Build 3247384 Thu Jun 10 19:36:33 MDT 2021
| Date         : Wed Oct 27 15:49:08 2021
| Host         : AELAB-RG1OCO4RM running 64-bit major release  (build 9200)
| Command      : upgrade_ip
| Device       : xc7z020clg484-1
------------------------------------------------------------------------------------

Upgrade Log for IP 'Zed_SPI_PL_SPI_v1_0_0_0'

1. Summary
----------

SUCCESS in the upgrade of Zed_SPI_PL_SPI_v1_0_0_0 (xilinx.com:user:PL_SPI_v1_0:1.0) from (Rev. 30) to (Rev. 31)






Copyright 1986-2021 Xilinx, Inc. All Rights Reserved.
------------------------------------------------------------------------------------
| Tool Version : Vivado v.2021.1 (win64) Build 3247384 Thu Jun 10 19:36:33 MDT 2021
| Date         : Wed Oct 27 15:31:50 2021
| Host         : AELAB-RG1OCO4RM running 64-bit major release  (build 9200)
| Command      : upgrade_ip
| Device       : xc7z020clg484-1
------------------------------------------------------------------------------------

Upgrade Log for IP 'Zed_SPI_PL_SPI_v1_0_0_0'

1. Summary
----------

SUCCESS in the conversion of Zed_SPI_PL_SPI_v1_0_0_0 (xilinx.com:user:PL_SPI_v1_0:1.0 (Rev. 30)) to Vivado generation flows.






Copyright 1986-2021 Xilinx, Inc. All Rights Reserved.
------------------------------------------------------------------------------------
| Tool Version : Vivado v.2021.1 (win64) Build 3247384 Thu Jun 10 19:36:33 MDT 2021
| Date         : Wed Oct 27 15:29:08 2021
| Host         : AELAB-RG1OCO4RM running 64-bit major release  (build 9200)
| Command      : upgrade_ip
| Device       : xc7z020clg484-1
------------------------------------------------------------------------------------

Upgrade Log for IP 'Zed_SPI_PL_SPI_v1_0_0_0'

1. Summary
----------

SUCCESS in the upgrade of Zed_SPI_PL_SPI_v1_0_0_0 (xilinx.com:user:PL_SPI_v1_0:1.0) from (Rev. 29) to (Rev. 30)






Copyright 1986-2021 Xilinx, Inc. All Rights Reserved.
------------------------------------------------------------------------------------
| Tool Version : Vivado v.2021.1 (win64) Build 3247384 Thu Jun 10 19:36:33 MDT 2021
| Date         : Wed Oct 27 14:45:38 2021
| Host         : AELAB-RG1OCO4RM running 64-bit major release  (build 9200)
| Command      : upgrade_ip
| Device       : xc7z020clg484-1
------------------------------------------------------------------------------------

Upgrade Log for IP 'Zed_SPI_PL_SPI_v1_0_0_0'

1. Summary
----------

SUCCESS in the upgrade of Zed_SPI_PL_SPI_v1_0_0_0 (xilinx.com:user:PL_SPI_v1_0:1.0) from (Rev. 28) to (Rev. 29)






Copyright 1986-2021 Xilinx, Inc. All Rights Reserved.
------------------------------------------------------------------------------------
| Tool Version : Vivado v.2021.1 (win64) Build 3247384 Thu Jun 10 19:36:33 MDT 2021
| Date         : Wed Oct 27 14:21:32 2021
| Host         : AELAB-RG1OCO4RM running 64-bit major release  (build 9200)
| Command      : upgrade_ip
| Device       : xc7z020clg484-1
------------------------------------------------------------------------------------

Upgrade Log for IP 'Zed_SPI_PL_SPI_v1_0_0_0'

1. Summary
----------

SUCCESS in the upgrade of Zed_SPI_PL_SPI_v1_0_0_0 (xilinx.com:user:PL_SPI_v1_0:1.0) from (Rev. 27) to (Rev. 28)






Copyright 1986-2021 Xilinx, Inc. All Rights Reserved.
------------------------------------------------------------------------------------
| Tool Version : Vivado v.2021.1 (win64) Build 3247384 Thu Jun 10 19:36:33 MDT 2021
| Date         : Wed Oct 27 13:56:31 2021
| Host         : AELAB-RG1OCO4RM running 64-bit major release  (build 9200)
| Command      : upgrade_ip
| Device       : xc7z020clg484-1
------------------------------------------------------------------------------------

Upgrade Log for IP 'Zed_SPI_PL_SPI_v1_0_0_0'

1. Summary
----------

SUCCESS in the upgrade of Zed_SPI_PL_SPI_v1_0_0_0 (xilinx.com:user:PL_SPI_v1_0:1.0) from (Rev. 26) to (Rev. 27)






Copyright 1986-2021 Xilinx, Inc. All Rights Reserved.
------------------------------------------------------------------------------------
| Tool Version : Vivado v.2021.1 (win64) Build 3247384 Thu Jun 10 19:36:33 MDT 2021
| Date         : Wed Oct 27 11:35:11 2021
| Host         : AELAB-RG1OCO4RM running 64-bit major release  (build 9200)
| Command      : upgrade_ip
| Device       : xc7z020clg484-1
------------------------------------------------------------------------------------

Upgrade Log for IP 'Zed_SPI_PL_SPI_v1_0_0_0'

1. Summary
----------

SUCCESS in the upgrade of Zed_SPI_PL_SPI_v1_0_0_0 (xilinx.com:user:PL_SPI_v1_0:1.0) from (Rev. 25) to (Rev. 26)






Copyright 1986-2021 Xilinx, Inc. All Rights Reserved.
------------------------------------------------------------------------------------
| Tool Version : Vivado v.2021.1 (win64) Build 3247384 Thu Jun 10 19:36:33 MDT 2021
| Date         : Wed Oct 27 11:00:11 2021
| Host         : AELAB-RG1OCO4RM running 64-bit major release  (build 9200)
| Command      : upgrade_ip
| Device       : xc7z020clg484-1
------------------------------------------------------------------------------------

Upgrade Log for IP 'Zed_SPI_PL_SPI_v1_0_0_0'

1. Summary
----------

SUCCESS in the upgrade of Zed_SPI_PL_SPI_v1_0_0_0 (xilinx.com:user:PL_SPI_v1_0:1.0) from (Rev. 24) to (Rev. 25)






Copyright 1986-2021 Xilinx, Inc. All Rights Reserved.
------------------------------------------------------------------------------------
| Tool Version : Vivado v.2021.1 (win64) Build 3247384 Thu Jun 10 19:36:33 MDT 2021
| Date         : Wed Oct 27 10:36:23 2021
| Host         : AELAB-RG1OCO4RM running 64-bit major release  (build 9200)
| Command      : upgrade_ip
| Device       : xc7z020clg484-1
------------------------------------------------------------------------------------

Upgrade Log for IP 'Zed_SPI_PL_SPI_v1_0_0_0'

1. Summary
----------

SUCCESS in the upgrade of Zed_SPI_PL_SPI_v1_0_0_0 (xilinx.com:user:PL_SPI_v1_0:1.0) from (Rev. 23) to (Rev. 24)






Copyright 1986-2021 Xilinx, Inc. All Rights Reserved.
------------------------------------------------------------------------------------
| Tool Version : Vivado v.2021.1 (win64) Build 3247384 Thu Jun 10 19:36:33 MDT 2021
| Date         : Tue Oct 26 17:47:06 2021
| Host         : AELAB-RG1OCO4RM running 64-bit major release  (build 9200)
| Command      : upgrade_ip
| Device       : xc7z020clg484-1
------------------------------------------------------------------------------------

Upgrade Log for IP 'Zed_SPI_PL_SPI_v1_0_0_0'

1. Summary
----------

SUCCESS in the upgrade of Zed_SPI_PL_SPI_v1_0_0_0 (xilinx.com:user:PL_SPI_v1_0:1.0) from (Rev. 22) to (Rev. 23)






Copyright 1986-2021 Xilinx, Inc. All Rights Reserved.
------------------------------------------------------------------------------------
| Tool Version : Vivado v.2021.1 (win64) Build 3247384 Thu Jun 10 19:36:33 MDT 2021
| Date         : Tue Oct 26 17:33:01 2021
| Host         : AELAB-RG1OCO4RM running 64-bit major release  (build 9200)
| Command      : upgrade_ip
| Device       : xc7z020clg484-1
------------------------------------------------------------------------------------

Upgrade Log for IP 'Zed_SPI_PL_SPI_v1_0_0_0'

1. Summary
----------

SUCCESS in the upgrade of Zed_SPI_PL_SPI_v1_0_0_0 (xilinx.com:user:PL_SPI_v1_0:1.0) from (Rev. 21) to (Rev. 22)






Copyright 1986-2021 Xilinx, Inc. All Rights Reserved.
------------------------------------------------------------------------------------
| Tool Version : Vivado v.2021.1 (win64) Build 3247384 Thu Jun 10 19:36:33 MDT 2021
| Date         : Tue Oct 26 17:11:42 2021
| Host         : AELAB-RG1OCO4RM running 64-bit major release  (build 9200)
| Command      : upgrade_ip
| Device       : xc7z020clg484-1
------------------------------------------------------------------------------------

Upgrade Log for IP 'Zed_SPI_PL_SPI_v1_0_0_0'

1. Summary
----------

SUCCESS in the upgrade of Zed_SPI_PL_SPI_v1_0_0_0 (xilinx.com:user:PL_SPI_v1_0:1.0) from (Rev. 20) to (Rev. 21)






Copyright 1986-2021 Xilinx, Inc. All Rights Reserved.
------------------------------------------------------------------------------------
| Tool Version : Vivado v.2021.1 (win64) Build 3247384 Thu Jun 10 19:36:33 MDT 2021
| Date         : Tue Oct 26 16:51:59 2021
| Host         : AELAB-RG1OCO4RM running 64-bit major release  (build 9200)
| Command      : upgrade_ip
| Device       : xc7z020clg484-1
------------------------------------------------------------------------------------

Upgrade Log for IP 'Zed_SPI_PL_SPI_v1_0_0_0'

1. Summary
----------

SUCCESS in the upgrade of Zed_SPI_PL_SPI_v1_0_0_0 (xilinx.com:user:PL_SPI_v1_0:1.0) from (Rev. 19) to (Rev. 20)






Copyright 1986-2021 Xilinx, Inc. All Rights Reserved.
------------------------------------------------------------------------------------
| Tool Version : Vivado v.2021.1 (win64) Build 3247384 Thu Jun 10 19:36:33 MDT 2021
| Date         : Tue Oct 26 16:46:52 2021
| Host         : AELAB-RG1OCO4RM running 64-bit major release  (build 9200)
| Command      : upgrade_ip
| Device       : xc7z020clg484-1
------------------------------------------------------------------------------------

Upgrade Log for IP 'Zed_SPI_PL_SPI_v1_0_0_0'

1. Summary
----------

SUCCESS in the upgrade of Zed_SPI_PL_SPI_v1_0_0_0 (xilinx.com:user:PL_SPI_v1_0:1.0) from (Rev. 18) to (Rev. 19)






Copyright 1986-2021 Xilinx, Inc. All Rights Reserved.
------------------------------------------------------------------------------------
| Tool Version : Vivado v.2021.1 (win64) Build 3247384 Thu Jun 10 19:36:33 MDT 2021
| Date         : Tue Oct 26 16:33:34 2021
| Host         : AELAB-RG1OCO4RM running 64-bit major release  (build 9200)
| Command      : upgrade_ip
| Device       : xc7z020clg484-1
------------------------------------------------------------------------------------

Upgrade Log for IP 'Zed_SPI_PL_SPI_v1_0_0_0'

1. Summary
----------

SUCCESS in the upgrade of Zed_SPI_PL_SPI_v1_0_0_0 (xilinx.com:user:PL_SPI_v1_0:1.0) from (Rev. 17) to (Rev. 18)






Copyright 1986-2021 Xilinx, Inc. All Rights Reserved.
------------------------------------------------------------------------------------
| Tool Version : Vivado v.2021.1 (win64) Build 3247384 Thu Jun 10 19:36:33 MDT 2021
| Date         : Tue Oct 26 10:31:46 2021
| Host         : AELAB-RG1OCO4RM running 64-bit major release  (build 9200)
| Command      : upgrade_ip
| Device       : xc7z020clg484-1
------------------------------------------------------------------------------------

Upgrade Log for IP 'Zed_SPI_PL_SPI_v1_0_0_0'

1. Summary
----------

SUCCESS in the upgrade of Zed_SPI_PL_SPI_v1_0_0_0 (xilinx.com:user:PL_SPI_v1_0:1.0) from (Rev. 16) to (Rev. 17)






Copyright 1986-2021 Xilinx, Inc. All Rights Reserved.
------------------------------------------------------------------------------------
| Tool Version : Vivado v.2021.1 (win64) Build 3247384 Thu Jun 10 19:36:33 MDT 2021
| Date         : Mon Oct 25 16:47:56 2021
| Host         : AELAB-RG1OCO4RM running 64-bit major release  (build 9200)
| Command      : upgrade_ip
| Device       : xc7z020clg484-1
------------------------------------------------------------------------------------

Upgrade Log for IP 'Zed_SPI_PL_SPI_v1_0_0_0'

1. Summary
----------

SUCCESS in the upgrade of Zed_SPI_PL_SPI_v1_0_0_0 (xilinx.com:user:PL_SPI_v1_0:1.0) from (Rev. 15) to (Rev. 16)






Copyright 1986-2021 Xilinx, Inc. All Rights Reserved.
------------------------------------------------------------------------------------
| Tool Version : Vivado v.2021.1 (win64) Build 3247384 Thu Jun 10 19:36:33 MDT 2021
| Date         : Mon Oct 25 11:06:52 2021
| Host         : AELAB-RG1OCO4RM running 64-bit major release  (build 9200)
| Command      : upgrade_ip
| Device       : xc7z020clg484-1
------------------------------------------------------------------------------------

Upgrade Log for IP 'Zed_SPI_PL_SPI_v1_0_0_0'

1. Summary
----------

SUCCESS in the upgrade of Zed_SPI_PL_SPI_v1_0_0_0 (xilinx.com:user:PL_SPI_v1_0:1.0) from (Rev. 14) to (Rev. 15)






Copyright 1986-2021 Xilinx, Inc. All Rights Reserved.
------------------------------------------------------------------------------------
| Tool Version : Vivado v.2021.1 (win64) Build 3247384 Thu Jun 10 19:36:33 MDT 2021
| Date         : Fri Oct 22 15:18:48 2021
| Host         : AELAB-RG1OCO4RM running 64-bit major release  (build 9200)
| Command      : upgrade_ip
| Device       : xc7z020clg484-1
------------------------------------------------------------------------------------

Upgrade Log for IP 'Zed_SPI_PL_SPI_v1_0_0_0'

1. Summary
----------

SUCCESS in the upgrade of Zed_SPI_PL_SPI_v1_0_0_0 (xilinx.com:user:PL_SPI_v1_0:1.0) from (Rev. 13) to (Rev. 14)






Copyright 1986-2021 Xilinx, Inc. All Rights Reserved.
------------------------------------------------------------------------------------
| Tool Version : Vivado v.2021.1 (win64) Build 3247384 Thu Jun 10 19:36:33 MDT 2021
| Date         : Fri Oct 22 15:10:41 2021
| Host         : AELAB-RG1OCO4RM running 64-bit major release  (build 9200)
| Command      : upgrade_ip
| Device       : xc7z020clg484-1
------------------------------------------------------------------------------------

Upgrade Log for IP 'Zed_SPI_PL_SPI_v1_0_0_0'

1. Summary
----------

SUCCESS in the upgrade of Zed_SPI_PL_SPI_v1_0_0_0 (xilinx.com:user:PL_SPI_v1_0:1.0) from (Rev. 12) to (Rev. 13)






Copyright 1986-2021 Xilinx, Inc. All Rights Reserved.
------------------------------------------------------------------------------------
| Tool Version : Vivado v.2021.1 (win64) Build 3247384 Thu Jun 10 19:36:33 MDT 2021
| Date         : Fri Oct 22 14:47:33 2021
| Host         : AELAB-RG1OCO4RM running 64-bit major release  (build 9200)
| Command      : upgrade_ip
| Device       : xc7z020clg484-1
------------------------------------------------------------------------------------

Upgrade Log for IP 'Zed_SPI_PL_SPI_v1_0_0_0'

1. Summary
----------

SUCCESS in the upgrade of Zed_SPI_PL_SPI_v1_0_0_0 (xilinx.com:user:PL_SPI_v1_0:1.0) from (Rev. 11) to (Rev. 12)






Copyright 1986-2021 Xilinx, Inc. All Rights Reserved.
------------------------------------------------------------------------------------
| Tool Version : Vivado v.2021.1 (win64) Build 3247384 Thu Jun 10 19:36:33 MDT 2021
| Date         : Fri Oct 22 11:58:01 2021
| Host         : AELAB-RG1OCO4RM running 64-bit major release  (build 9200)
| Command      : upgrade_ip
| Device       : xc7z020clg484-1
------------------------------------------------------------------------------------

Upgrade Log for IP 'Zed_SPI_PL_SPI_v1_0_0_0'

1. Summary
----------

SUCCESS in the upgrade of Zed_SPI_PL_SPI_v1_0_0_0 (xilinx.com:user:PL_SPI_v1_0:1.0) from (Rev. 10) to (Rev. 11)






Copyright 1986-2021 Xilinx, Inc. All Rights Reserved.
------------------------------------------------------------------------------------
| Tool Version : Vivado v.2021.1 (win64) Build 3247384 Thu Jun 10 19:36:33 MDT 2021
| Date         : Fri Oct 22 11:19:07 2021
| Host         : AELAB-RG1OCO4RM running 64-bit major release  (build 9200)
| Command      : upgrade_ip
| Device       : xc7z020clg484-1
------------------------------------------------------------------------------------

Upgrade Log for IP 'Zed_SPI_PL_SPI_v1_0_0_0'

1. Summary
----------

SUCCESS in the upgrade of Zed_SPI_PL_SPI_v1_0_0_0 (xilinx.com:user:PL_SPI_v1_0:1.0) from (Rev. 9) to (Rev. 10)






Copyright 1986-2021 Xilinx, Inc. All Rights Reserved.
------------------------------------------------------------------------------------
| Tool Version : Vivado v.2021.1 (win64) Build 3247384 Thu Jun 10 19:36:33 MDT 2021
| Date         : Fri Oct 22 10:48:12 2021
| Host         : AELAB-RG1OCO4RM running 64-bit major release  (build 9200)
| Command      : upgrade_ip
| Device       : xc7z020clg484-1
------------------------------------------------------------------------------------

Upgrade Log for IP 'Zed_SPI_PL_SPI_v1_0_0_0'

1. Summary
----------

SUCCESS in the upgrade of Zed_SPI_PL_SPI_v1_0_0_0 (xilinx.com:user:PL_SPI_v1_0:1.0) from (Rev. 8) to (Rev. 9)






Copyright 1986-2021 Xilinx, Inc. All Rights Reserved.
------------------------------------------------------------------------------------
| Tool Version : Vivado v.2021.1 (win64) Build 3247384 Thu Jun 10 19:36:33 MDT 2021
| Date         : Fri Oct 22 10:33:09 2021
| Host         : AELAB-RG1OCO4RM running 64-bit major release  (build 9200)
| Command      : upgrade_ip
| Device       : xc7z020clg484-1
------------------------------------------------------------------------------------

Upgrade Log for IP 'Zed_SPI_PL_SPI_v1_0_0_0'

1. Summary
----------

SUCCESS in the upgrade of Zed_SPI_PL_SPI_v1_0_0_0 (xilinx.com:user:PL_SPI_v1_0:1.0) from (Rev. 7) to (Rev. 8)






Copyright 1986-2021 Xilinx, Inc. All Rights Reserved.
------------------------------------------------------------------------------------
| Tool Version : Vivado v.2021.1 (win64) Build 3247384 Thu Jun 10 19:36:33 MDT 2021
| Date         : Thu Oct 21 17:46:19 2021
| Host         : AELAB-RG1OCO4RM running 64-bit major release  (build 9200)
| Command      : upgrade_ip
| Device       : xc7z020clg484-1
------------------------------------------------------------------------------------

Upgrade Log for IP 'Zed_SPI_PL_SPI_v1_0_0_0'

1. Summary
----------

SUCCESS in the upgrade of Zed_SPI_PL_SPI_v1_0_0_0 (xilinx.com:user:PL_SPI_v1_0:1.0) from (Rev. 6) to (Rev. 7)






Copyright 1986-2021 Xilinx, Inc. All Rights Reserved.
------------------------------------------------------------------------------------
| Tool Version : Vivado v.2021.1 (win64) Build 3247384 Thu Jun 10 19:36:33 MDT 2021
| Date         : Thu Oct 21 17:38:08 2021
| Host         : AELAB-RG1OCO4RM running 64-bit major release  (build 9200)
| Command      : upgrade_ip
| Device       : xc7z020clg484-1
------------------------------------------------------------------------------------

Upgrade Log for IP 'Zed_SPI_PL_SPI_v1_0_0_0'

1. Summary
----------

SUCCESS in the upgrade of Zed_SPI_PL_SPI_v1_0_0_0 (xilinx.com:user:PL_SPI_v1_0:1.0) from (Rev. 5) to (Rev. 6)






Copyright 1986-2021 Xilinx, Inc. All Rights Reserved.
------------------------------------------------------------------------------------
| Tool Version : Vivado v.2021.1 (win64) Build 3247384 Thu Jun 10 19:36:33 MDT 2021
| Date         : Thu Oct 21 17:30:38 2021
| Host         : AELAB-RG1OCO4RM running 64-bit major release  (build 9200)
| Command      : upgrade_ip
| Device       : xc7z020clg484-1
------------------------------------------------------------------------------------

Upgrade Log for IP 'Zed_SPI_PL_SPI_v1_0_0_0'

1. Summary
----------

SUCCESS in the upgrade of Zed_SPI_PL_SPI_v1_0_0_0 (xilinx.com:user:PL_SPI_v1_0:1.0) from (Rev. 4) to (Rev. 5)






Copyright 1986-2021 Xilinx, Inc. All Rights Reserved.
------------------------------------------------------------------------------------
| Tool Version : Vivado v.2021.1 (win64) Build 3247384 Thu Jun 10 19:36:33 MDT 2021
| Date         : Thu Oct 21 17:03:22 2021
| Host         : AELAB-RG1OCO4RM running 64-bit major release  (build 9200)
| Command      : upgrade_ip
| Device       : xc7z020clg484-1
------------------------------------------------------------------------------------

Upgrade Log for IP 'Zed_SPI_PL_SPI_v1_0_0_0'

1. Summary
----------

SUCCESS in the upgrade of Zed_SPI_PL_SPI_v1_0_0_0 (xilinx.com:user:PL_SPI_v1_0:1.0) from (Rev. 3) to (Rev. 4)






Copyright 1986-2021 Xilinx, Inc. All Rights Reserved.
------------------------------------------------------------------------------------
| Tool Version : Vivado v.2021.1 (win64) Build 3247384 Thu Jun 10 19:36:33 MDT 2021
| Date         : Thu Oct 21 16:46:15 2021
| Host         : AELAB-RG1OCO4RM running 64-bit major release  (build 9200)
| Command      : upgrade_ip
| Device       : xc7z020clg484-1
------------------------------------------------------------------------------------

Upgrade Log for IP 'Zed_SPI_PL_SPI_v1_0_0_0'

1. Summary
----------

SUCCESS in the upgrade of Zed_SPI_PL_SPI_v1_0_0_0 (xilinx.com:user:PL_SPI_v1_0:1.0) from (Rev. 2) to (Rev. 3)

