#-----------------------------------------------------------
# Vivado v2021.2 (64-bit)
# SW Build 3367213 on Tue Oct 19 02:48:09 MDT 2021
# IP Build 3369179 on Thu Oct 21 08:25:16 MDT 2021
# Start of session at: Thu Mar 31 01:29:50 2022
# Process ID: 21864
# Current directory: D:/Midget_Ws/FPGA/SKL/SKL_SPI_PL_Env
# Command line: vivado.exe -gui_launcher_event rodinguilauncherevent13076 D:\Midget_Ws\FPGA\SKL\SKL_SPI_PL_Env\SKL_Zed_PS_SPI.xpr
# Log file: D:/Midget_Ws/FPGA/SKL/SKL_SPI_PL_Env/vivado.log
# Journal file: D:/Midget_Ws/FPGA/SKL/SKL_SPI_PL_Env\vivado.jou
# Running On: labish, OS: Windows, CPU Frequency: 2208 MHz, CPU Physical cores: 6, Host memory: 17032 MB
#-----------------------------------------------------------
start_gui
open_project D:/Midget_Ws/FPGA/SKL/SKL_SPI_PL_Env/SKL_Zed_PS_SPI.xpr
WARNING: [Board 49-26] cannot add Board Part xilinx.com:vck190_es:part0:1.3 available at C:/Xilinx/Vivado/2021.2/data/xhub/boards/XilinxBoardStore/boards/Xilinx/vck190/es/1.3/board.xml as part xcvc1902-vsva2197-2mp-e-s-es1 specified in board_part file is either invalid or not available
WARNING: [Board 49-26] cannot add Board Part xilinx.com:vmk180_es:part0:1.3 available at C:/Xilinx/Vivado/2021.2/data/xhub/boards/XilinxBoardStore/boards/Xilinx/vmk180/es/1.3/board.xml as part xcvm1802-vsva2197-2mp-e-s-es1 specified in board_part file is either invalid or not available
WARNING: [Board 49-26] cannot add Board Part xilinx.com:vpk120_es:part0:1.2 available at C:/Xilinx/Vivado/2021.2/data/xhub/boards/XilinxBoardStore/boards/Xilinx/vpk120/es/1.2/board.xml as part xcvp1202-vsva2785-2mp-e-s-es1 specified in board_part file is either invalid or not available
WARNING: [Board 49-26] cannot add Board Part xilinx.com:zcu208_es:part0:1.0 available at C:/Xilinx/Vivado/2021.2/data/xhub/boards/XilinxBoardStore/boards/Xilinx/zcu208/es/1.0/board.xml as part xczu48dr-fsvg1517-2-e-es1 specified in board_part file is either invalid or not available
WARNING: [Board 49-26] cannot add Board Part xilinx.com:zcu208_es:part0:1.1 available at C:/Xilinx/Vivado/2021.2/data/xhub/boards/XilinxBoardStore/boards/Xilinx/zcu208/es/1.1/board.xml as part xczu48dr-fsvg1517-2-e-es1 specified in board_part file is either invalid or not available
WARNING: [Board 49-26] cannot add Board Part xilinx.com:zcu208_es:part0:1.2 available at C:/Xilinx/Vivado/2021.2/data/xhub/boards/XilinxBoardStore/boards/Xilinx/zcu208/es/1.2/board.xml as part xczu48dr-fsvg1517-2-e-es1 specified in board_part file is either invalid or not available
WARNING: [Board 49-26] cannot add Board Part xilinx.com:zcu208ld:part0:2.0 available at C:/Xilinx/Vivado/2021.2/data/xhub/boards/XilinxBoardStore/boards/Xilinx/zcu208ld/production/2.0/board.xml as part xczu58dr-fsvg1517-2-i specified in board_part file is either invalid or not available
WARNING: [Board 49-26] cannot add Board Part xilinx.com:zcu208ld_es:part0:1.0 available at C:/Xilinx/Vivado/2021.2/data/xhub/boards/XilinxBoardStore/boards/Xilinx/zcu208ld/es/1.0/board.xml as part xczu58dr-fsvg1517-2-i-es1 specified in board_part file is either invalid or not available
WARNING: [Board 49-26] cannot add Board Part xilinx.com:zcu216_es:part0:1.0 available at C:/Xilinx/Vivado/2021.2/data/xhub/boards/XilinxBoardStore/boards/Xilinx/zcu216/es/1.0/board.xml as part xczu49dr-ffvf1760-2-e-es1 specified in board_part file is either invalid or not available
WARNING: [Board 49-26] cannot add Board Part xilinx.com:zcu216_es:part0:1.1 available at C:/Xilinx/Vivado/2021.2/data/xhub/boards/XilinxBoardStore/boards/Xilinx/zcu216/es/1.1/board.xml as part xczu49dr-ffvf1760-2-e-es1 specified in board_part file is either invalid or not available
WARNING: [Board 49-26] cannot add Board Part xilinx.com:zcu216_es:part0:1.2 available at C:/Xilinx/Vivado/2021.2/data/xhub/boards/XilinxBoardStore/boards/Xilinx/zcu216/es/1.2/board.xml as part xczu49dr-ffvf1760-2-e-es1 specified in board_part file is either invalid or not available
WARNING: [Board 49-26] cannot add Board Part xilinx.com:zcu216ld:part0:2.0 available at C:/Xilinx/Vivado/2021.2/data/xhub/boards/XilinxBoardStore/boards/Xilinx/zcu216ld/production/2.0/board.xml as part xczu59dr-ffvf1760-2-i specified in board_part file is either invalid or not available
WARNING: [Board 49-26] cannot add Board Part xilinx.com:zcu216ld_es:part0:1.0 available at C:/Xilinx/Vivado/2021.2/data/xhub/boards/XilinxBoardStore/boards/Xilinx/zcu216ld/es/1.0/board.xml as part xczu59dr-ffvf1760-2-i-es1 specified in board_part file is either invalid or not available
WARNING: [Board 49-26] cannot add Board Part xilinx.com:zcu670:part0:1.0 available at C:/Xilinx/Vivado/2021.2/data/xhub/boards/XilinxBoardStore/boards/Xilinx/zcu670/1.0/board.xml as part xczu67dr-fsve1156-2-i specified in board_part file is either invalid or not available
INFO: [Project 1-313] Project file moved from '/home/labish/Midget/SKL/SKL_SPI_PL_Env' since last save.
CRITICAL WARNING: [Project 1-311] Could not find the file 'D:/Midget_Ws/C:/MGWs/SKL_SPI_PL_Env/SKL_Zed_PS_SPI.srcs/utils_1/imports/synth_1/Zed_SPI_wrapper.dcp', nor could it be found using path 'D:/home/labish/C:/MGWs/SKL_SPI_PL_Env/SKL_Zed_PS_SPI.srcs/utils_1/imports/synth_1/Zed_SPI_wrapper.dcp'.
WARNING: [Project 1-865] Could not find the file D:/Midget_Ws/C:/MGWs/SKL_SPI_PL_Env/SKL_Zed_PS_SPI.srcs/utils_1/imports/synth_1/Zed_SPI_wrapper.dcp
Scanning sources...
Finished scanning sources
WARNING: [Project 1-865] Could not find the file D:/Midget_Ws/C:/MGWs/SKL_SPI_PL_Env/SKL_Zed_PS_SPI.srcs/utils_1/imports/synth_1/Zed_SPI_wrapper.dcp
WARNING: [Project 1-865] Could not find the file D:/Midget_Ws/C:/MGWs/SKL_SPI_PL_Env/SKL_Zed_PS_SPI.srcs/utils_1/imports/synth_1/Zed_SPI_wrapper.dcp
WARNING: [Project 1-865] Could not find the file D:/Midget_Ws/C:/MGWs/SKL_SPI_PL_Env/SKL_Zed_PS_SPI.srcs/utils_1/imports/synth_1/Zed_SPI_wrapper.dcp
WARNING: [Project 1-865] Could not find the file D:/Midget_Ws/C:/MGWs/SKL_SPI_PL_Env/SKL_Zed_PS_SPI.srcs/utils_1/imports/synth_1/Zed_SPI_wrapper.dcp
WARNING: [Project 1-865] Could not find the file D:/Midget_Ws/C:/MGWs/SKL_SPI_PL_Env/SKL_Zed_PS_SPI.srcs/utils_1/imports/synth_1/Zed_SPI_wrapper.dcp
WARNING: [Project 1-865] Could not find the file D:/Midget_Ws/C:/MGWs/SKL_SPI_PL_Env/SKL_Zed_PS_SPI.srcs/utils_1/imports/synth_1/Zed_SPI_wrapper.dcp
INFO: [IP_Flow 19-234] Refreshing IP repositories
INFO: [IP_Flow 19-1700] Loaded user IP repository 'd:/Midget_Ws/FPGA/SKL/SKL_ZED_Backup'.
INFO: [IP_Flow 19-2313] Loaded Vivado IP repository 'C:/Xilinx/Vivado/2021.2/data/ip'.
open_project: Time (s): cpu = 00:00:33 ; elapsed = 00:00:18 . Memory (MB): peak = 1410.367 ; gain = 0.000
update_compile_order -fileset sources_1
open_bd_design {D:/Midget_Ws/FPGA/SKL/SKL_SPI_PL_Env/SKL_Zed_PS_SPI.srcs/sources_1/bd/Zed_SPI/Zed_SPI.bd}
Reading block design file <D:/Midget_Ws/FPGA/SKL/SKL_SPI_PL_Env/SKL_Zed_PS_SPI.srcs/sources_1/bd/Zed_SPI/Zed_SPI.bd>...
Adding component instance block -- xilinx.com:user:PL_SPI_ADAR_v1_0:1.5 - PL_SPI_ADAR_v1_0_0
Adding component instance block -- xilinx.com:user:PL_SPI_ADF4159_v1_0:1.0 - PL_SPI_ADF4159_v1_0_0
Adding component instance block -- xilinx.com:ip:processing_system7:5.5 - processing_system7_0
Adding component instance block -- xilinx.com:ip:axi_interconnect:2.1 - ps7_0_axi_periph
Adding component instance block -- xilinx.com:ip:axi_crossbar:2.1 - xbar
Adding component instance block -- xilinx.com:ip:axi_protocol_converter:2.1 - auto_pc
Adding component instance block -- xilinx.com:ip:proc_sys_reset:5.0 - rst_ps7_0_100M
Adding component instance block -- xilinx.com:user:PL_SPI_DDS_v1_0:1.0 - PL_SPI_DDS_v1_0_0
Adding component instance block -- xilinx.com:ip:proc_sys_reset:5.0 - rst_ps7_0_100M_1
Adding component instance block -- xilinx.com:ip:clk_wiz:6.0 - clk_wiz_0
Adding component instance block -- xilinx.com:ip:axi_dma:7.1 - axi_dma
Adding component instance block -- xilinx.com:ip:axi_interconnect:2.1 - axi_mem_intercon
Adding component instance block -- xilinx.com:ip:axi_protocol_converter:2.1 - auto_pc
Adding component instance block -- xilinx.com:ip:axi_dwidth_converter:2.1 - auto_us
Adding component instance block -- xilinx.com:ip:axi_gpio:2.0 - axi_gpio_0
Adding component instance block -- xilinx.com:user:LED_Connector_v1_0:1.0 - LED_Connector_v1_0_0
Adding component instance block -- user.org:user:PL_SPI_ADC_MasterStream_v1_0:1.1 - PL_SPI_ADC_MasterStr_0
Successfully read diagram <Zed_SPI> from block design file <D:/Midget_Ws/FPGA/SKL/SKL_SPI_PL_Env/SKL_Zed_PS_SPI.srcs/sources_1/bd/Zed_SPI/Zed_SPI.bd>
open_bd_design: Time (s): cpu = 00:00:31 ; elapsed = 00:00:20 . Memory (MB): peak = 1410.367 ; gain = 0.000
ipx::edit_ip_in_project -upgrade true -name PL_SPI_ADC_MasterStream_v1_0_v1_1_project -directory D:/Midget_Ws/FPGA/SKL/SKL_SPI_PL_Env/SKL_Zed_PS_SPI.tmp/PL_SPI_ADC_MasterStream_v1_0_v1_1_project d:/Midget_Ws/FPGA/SKL/SKL_ZED_Backup/PL_SPI_ADC_MasterStream_1.0/component.xml
INFO: [ProjectBase 1-489] The host OS only allows 260 characters in a normal path. The project is stored in a path with more than 80 characters. If you experience issues with IP, Block Designs, or files not being found, please consider moving the project to a location with a shorter path. Alternately consider using the OS subst command to map part of the path to a drive letter.
Current project path is 'd:/midget_ws/fpga/skl/skl_spi_pl_env/skl_zed_ps_spi.tmp/pl_spi_adc_masterstream_v1_0_v1_1_project'
INFO: [IP_Flow 19-234] Refreshing IP repositories
INFO: [IP_Flow 19-1704] No user IP repositories specified
INFO: [IP_Flow 19-2313] Loaded Vivado IP repository 'C:/Xilinx/Vivado/2021.2/data/ip'.
WARNING: [Board 49-26] cannot add Board Part xilinx.com:vck190_es:part0:1.3 available at C:/Xilinx/Vivado/2021.2/data/xhub/boards/XilinxBoardStore/boards/Xilinx/vck190/es/1.3/board.xml as part xcvc1902-vsva2197-2mp-e-s-es1 specified in board_part file is either invalid or not available
WARNING: [Board 49-26] cannot add Board Part xilinx.com:vmk180_es:part0:1.3 available at C:/Xilinx/Vivado/2021.2/data/xhub/boards/XilinxBoardStore/boards/Xilinx/vmk180/es/1.3/board.xml as part xcvm1802-vsva2197-2mp-e-s-es1 specified in board_part file is either invalid or not available
WARNING: [Board 49-26] cannot add Board Part xilinx.com:vpk120_es:part0:1.2 available at C:/Xilinx/Vivado/2021.2/data/xhub/boards/XilinxBoardStore/boards/Xilinx/vpk120/es/1.2/board.xml as part xcvp1202-vsva2785-2mp-e-s-es1 specified in board_part file is either invalid or not available
WARNING: [Board 49-26] cannot add Board Part xilinx.com:zcu208_es:part0:1.0 available at C:/Xilinx/Vivado/2021.2/data/xhub/boards/XilinxBoardStore/boards/Xilinx/zcu208/es/1.0/board.xml as part xczu48dr-fsvg1517-2-e-es1 specified in board_part file is either invalid or not available
WARNING: [Board 49-26] cannot add Board Part xilinx.com:zcu208_es:part0:1.1 available at C:/Xilinx/Vivado/2021.2/data/xhub/boards/XilinxBoardStore/boards/Xilinx/zcu208/es/1.1/board.xml as part xczu48dr-fsvg1517-2-e-es1 specified in board_part file is either invalid or not available
WARNING: [Board 49-26] cannot add Board Part xilinx.com:zcu208_es:part0:1.2 available at C:/Xilinx/Vivado/2021.2/data/xhub/boards/XilinxBoardStore/boards/Xilinx/zcu208/es/1.2/board.xml as part xczu48dr-fsvg1517-2-e-es1 specified in board_part file is either invalid or not available
WARNING: [Board 49-26] cannot add Board Part xilinx.com:zcu208ld:part0:2.0 available at C:/Xilinx/Vivado/2021.2/data/xhub/boards/XilinxBoardStore/boards/Xilinx/zcu208ld/production/2.0/board.xml as part xczu58dr-fsvg1517-2-i specified in board_part file is either invalid or not available
WARNING: [Board 49-26] cannot add Board Part xilinx.com:zcu208ld_es:part0:1.0 available at C:/Xilinx/Vivado/2021.2/data/xhub/boards/XilinxBoardStore/boards/Xilinx/zcu208ld/es/1.0/board.xml as part xczu58dr-fsvg1517-2-i-es1 specified in board_part file is either invalid or not available
WARNING: [Board 49-26] cannot add Board Part xilinx.com:zcu216_es:part0:1.0 available at C:/Xilinx/Vivado/2021.2/data/xhub/boards/XilinxBoardStore/boards/Xilinx/zcu216/es/1.0/board.xml as part xczu49dr-ffvf1760-2-e-es1 specified in board_part file is either invalid or not available
WARNING: [Board 49-26] cannot add Board Part xilinx.com:zcu216_es:part0:1.1 available at C:/Xilinx/Vivado/2021.2/data/xhub/boards/XilinxBoardStore/boards/Xilinx/zcu216/es/1.1/board.xml as part xczu49dr-ffvf1760-2-e-es1 specified in board_part file is either invalid or not available
WARNING: [Board 49-26] cannot add Board Part xilinx.com:zcu216_es:part0:1.2 available at C:/Xilinx/Vivado/2021.2/data/xhub/boards/XilinxBoardStore/boards/Xilinx/zcu216/es/1.2/board.xml as part xczu49dr-ffvf1760-2-e-es1 specified in board_part file is either invalid or not available
WARNING: [Board 49-26] cannot add Board Part xilinx.com:zcu216ld:part0:2.0 available at C:/Xilinx/Vivado/2021.2/data/xhub/boards/XilinxBoardStore/boards/Xilinx/zcu216ld/production/2.0/board.xml as part xczu59dr-ffvf1760-2-i specified in board_part file is either invalid or not available
WARNING: [Board 49-26] cannot add Board Part xilinx.com:zcu216ld_es:part0:1.0 available at C:/Xilinx/Vivado/2021.2/data/xhub/boards/XilinxBoardStore/boards/Xilinx/zcu216ld/es/1.0/board.xml as part xczu59dr-ffvf1760-2-i-es1 specified in board_part file is either invalid or not available
WARNING: [Board 49-26] cannot add Board Part xilinx.com:zcu670:part0:1.0 available at C:/Xilinx/Vivado/2021.2/data/xhub/boards/XilinxBoardStore/boards/Xilinx/zcu670/1.0/board.xml as part xczu67dr-fsve1156-2-i specified in board_part file is either invalid or not available
create_project: Time (s): cpu = 00:00:19 ; elapsed = 00:00:08 . Memory (MB): peak = 1458.016 ; gain = 21.574
INFO: [IP_Flow 19-234] Refreshing IP repositories
INFO: [IP_Flow 19-1700] Loaded user IP repository 'd:/Midget_Ws/FPGA/SKL/SKL_ZED_Backup'.
INFO: [IP_Flow 19-795] Syncing license key meta-data
ipx::edit_ip_in_project: Time (s): cpu = 00:00:27 ; elapsed = 00:00:12 . Memory (MB): peak = 1479.566 ; gain = 43.125
update_compile_order -fileset sources_1
