
*** Running vivado
    with args -log Zed_SPI_xbar_2.vds -m64 -product Vivado -mode batch -messageDb vivado.pb -notrace -source Zed_SPI_xbar_2.tcl



****** Vivado v2021.1 (64-bit)
  **** SW Build 3247384 on Thu Jun 10 19:36:33 MDT 2021
  **** IP Build 3246043 on Fri Jun 11 00:30:35 MDT 2021
    ** Copyright 1986-2021 Xilinx, Inc. All Rights Reserved.

source Zed_SPI_xbar_2.tcl -notrace
INFO: [IP_Flow 19-234] Refreshing IP repositories
INFO: [IP_Flow 19-1700] Loaded user IP repository 'c:/Users/0/Midget/SKL/ip_repo'.
INFO: [IP_Flow 19-2313] Loaded Vivado IP repository 'C:/Xilinx/Vivado/2021.1/data/ip'.
Command: synth_design -top Zed_SPI_xbar_2 -part xc7z020clg484-1 -mode out_of_context
Starting synth_design
Attempting to get a license for feature 'Synthesis' and/or device 'xc7z020'
INFO: [Common 17-349] Got license for feature 'Synthesis' and/or device 'xc7z020'
INFO: [Device 21-403] Loading part xc7z020clg484-1

*** Running vivado
    with args -log Zed_SPI_xbar_2.vds -m64 -product Vivado -mode batch -messageDb vivado.pb -notrace -source Zed_SPI_xbar_2.tcl



****** Vivado v2021.1 (64-bit)
  **** SW Build 3247384 on Thu Jun 10 19:36:33 MDT 2021
  **** IP Build 3246043 on Fri Jun 11 00:30:35 MDT 2021
    ** Copyright 1986-2021 Xilinx, Inc. All Rights Reserved.

source Zed_SPI_xbar_2.tcl -notrace
INFO: [IP_Flow 19-234] Refreshing IP repositories
INFO: [IP_Flow 19-1700] Loaded user IP repository 'c:/Users/0/Midget/SKL/ip_repo'.
INFO: [IP_Flow 19-2313] Loaded Vivado IP repository 'C:/Xilinx/Vivado/2021.1/data/ip'.
Command: synth_design -top Zed_SPI_xbar_2 -part xc7z020clg484-1 -mode out_of_context
Starting synth_design
Attempting to get a license for feature 'Synthesis' and/or device 'xc7z020'
INFO: [Common 17-349] Got license for feature 'Synthesis' and/or device 'xc7z020'
INFO: [Device 21-403] Loading part xc7z020clg484-1
INFO: [Synth 8-7079] Multithreading enabled for synth_design using a maximum of 2 processes.
INFO: [Synth 8-7078] Launching helper process for spawning children vivado processes
INFO: [Synth 8-7075] Helper process launched with PID 57020
---------------------------------------------------------------------------------
Starting RTL Elaboration : Time (s): cpu = 00:00:15 ; elapsed = 00:00:18 . Memory (MB): peak = 1257.344 ; gain = 0.000
---------------------------------------------------------------------------------
INFO: [Synth 8-6157] synthesizing module 'Zed_SPI_xbar_2' [c:/Users/0/Midget/SKL/SKL_Zed_PS_SPI/SKL_Zed_PS_SPI.gen/sources_1/bd/Zed_SPI/ip/Zed_SPI_xbar_2/synth/Zed_SPI_xbar_2.v:59]
INFO: [Synth 8-6157] synthesizing module 'axi_crossbar_v2_1_25_axi_crossbar' [c:/Users/0/Midget/SKL/SKL_Zed_PS_SPI/SKL_Zed_PS_SPI.gen/sources_1/bd/Zed_SPI/ipshared/3917/hdl/axi_crossbar_v2_1_vl_rfs.v:4884]
INFO: [Synth 8-6157] synthesizing module 'axi_crossbar_v2_1_25_crossbar_sasd' [c:/Users/0/Midget/SKL/SKL_Zed_PS_SPI/SKL_Zed_PS_SPI.gen/sources_1/bd/Zed_SPI/ipshared/3917/hdl/axi_crossbar_v2_1_vl_rfs.v:1240]
INFO: [Synth 8-6157] synthesizing module 'axi_crossbar_v2_1_25_addr_decoder' [c:/Users/0/Midget/SKL/SKL_Zed_PS_SPI/SKL_Zed_PS_SPI.gen/sources_1/bd/Zed_SPI/ipshared/3917/hdl/axi_crossbar_v2_1_vl_rfs.v:794]
INFO: [Synth 8-6157] synthesizing module 'generic_baseblocks_v2_1_0_comparator_static' [c:/Users/0/Midget/SKL/SKL_Zed_PS_SPI/SKL_Zed_PS_SPI.gen/sources_1/bd/Zed_SPI/ipshared/b752/hdl/generic_baseblocks_v2_1_vl_rfs.v:2133]
INFO: [Synth 8-6157] synthesizing module 'generic_baseblocks_v2_1_0_carry_and' [c:/Users/0/Midget/SKL/SKL_Zed_PS_SPI/SKL_Zed_PS_SPI.gen/sources_1/bd/Zed_SPI/ipshared/b752/hdl/generic_baseblocks_v2_1_vl_rfs.v:62]
INFO: [Synth 8-6155] done synthesizing module 'generic_baseblocks_v2_1_0_carry_and' (1#1) [c:/Users/0/Midget/SKL/SKL_Zed_PS_SPI/SKL_Zed_PS_SPI.gen/sources_1/bd/Zed_SPI/ipshared/b752/hdl/generic_baseblocks_v2_1_vl_rfs.v:62]
INFO: [Synth 8-6155] done synthesizing module 'generic_baseblocks_v2_1_0_comparator_static' (2#1) [c:/Users/0/Midget/SKL/SKL_Zed_PS_SPI/SKL_Zed_PS_SPI.gen/sources_1/bd/Zed_SPI/ipshared/b752/hdl/generic_baseblocks_v2_1_vl_rfs.v:2133]
INFO: [Synth 8-6157] synthesizing module 'generic_baseblocks_v2_1_0_comparator_static__parameterized0' [c:/Users/0/Midget/SKL/SKL_Zed_PS_SPI/SKL_Zed_PS_SPI.gen/sources_1/bd/Zed_SPI/ipshared/b752/hdl/generic_baseblocks_v2_1_vl_rfs.v:2133]
INFO: [Synth 8-6155] done synthesizing module 'generic_baseblocks_v2_1_0_comparator_static__parameterized0' (2#1) [c:/Users/0/Midget/SKL/SKL_Zed_PS_SPI/SKL_Zed_PS_SPI.gen/sources_1/bd/Zed_SPI/ipshared/b752/hdl/generic_baseblocks_v2_1_vl_rfs.v:2133]
INFO: [Synth 8-6155] done synthesizing module 'axi_crossbar_v2_1_25_addr_decoder' (3#1) [c:/Users/0/Midget/SKL/SKL_Zed_PS_SPI/SKL_Zed_PS_SPI.gen/sources_1/bd/Zed_SPI/ipshared/3917/hdl/axi_crossbar_v2_1_vl_rfs.v:794]
INFO: [Synth 8-6157] synthesizing module 'axi_crossbar_v2_1_25_decerr_slave' [c:/Users/0/Midget/SKL/SKL_Zed_PS_SPI/SKL_Zed_PS_SPI.gen/sources_1/bd/Zed_SPI/ipshared/3917/hdl/axi_crossbar_v2_1_vl_rfs.v:3501]
INFO: [Synth 8-6155] done synthesizing module 'axi_crossbar_v2_1_25_decerr_slave' (4#1) [c:/Users/0/Midget/SKL/SKL_Zed_PS_SPI/SKL_Zed_PS_SPI.gen/sources_1/bd/Zed_SPI/ipshared/3917/hdl/axi_crossbar_v2_1_vl_rfs.v:3501]
INFO: [Synth 8-6157] synthesizing module 'axi_crossbar_v2_1_25_addr_arbiter_sasd' [c:/Users/0/Midget/SKL/SKL_Zed_PS_SPI/SKL_Zed_PS_SPI.gen/sources_1/bd/Zed_SPI/ipshared/3917/hdl/axi_crossbar_v2_1_vl_rfs.v:65]
INFO: [Synth 8-6155] done synthesizing module 'axi_crossbar_v2_1_25_addr_arbiter_sasd' (5#1) [c:/Users/0/Midget/SKL/SKL_Zed_PS_SPI/SKL_Zed_PS_SPI.gen/sources_1/bd/Zed_SPI/ipshared/3917/hdl/axi_crossbar_v2_1_vl_rfs.v:65]
INFO: [Synth 8-6157] synthesizing module 'axi_crossbar_v2_1_25_splitter' [c:/Users/0/Midget/SKL/SKL_Zed_PS_SPI/SKL_Zed_PS_SPI.gen/sources_1/bd/Zed_SPI/ipshared/3917/hdl/axi_crossbar_v2_1_vl_rfs.v:4461]
INFO: [Synth 8-6155] done synthesizing module 'axi_crossbar_v2_1_25_splitter' (6#1) [c:/Users/0/Midget/SKL/SKL_Zed_PS_SPI/SKL_Zed_PS_SPI.gen/sources_1/bd/Zed_SPI/ipshared/3917/hdl/axi_crossbar_v2_1_vl_rfs.v:4461]
INFO: [Synth 8-6157] synthesizing module 'axi_crossbar_v2_1_25_splitter__parameterized0' [c:/Users/0/Midget/SKL/SKL_Zed_PS_SPI/SKL_Zed_PS_SPI.gen/sources_1/bd/Zed_SPI/ipshared/3917/hdl/axi_crossbar_v2_1_vl_rfs.v:4461]
INFO: [Synth 8-6155] done synthesizing module 'axi_crossbar_v2_1_25_splitter__parameterized0' (6#1) [c:/Users/0/Midget/SKL/SKL_Zed_PS_SPI/SKL_Zed_PS_SPI.gen/sources_1/bd/Zed_SPI/ipshared/3917/hdl/axi_crossbar_v2_1_vl_rfs.v:4461]
INFO: [Synth 8-6157] synthesizing module 'generic_baseblocks_v2_1_0_mux_enc' [c:/Users/0/Midget/SKL/SKL_Zed_PS_SPI/SKL_Zed_PS_SPI.gen/sources_1/bd/Zed_SPI/ipshared/b752/hdl/generic_baseblocks_v2_1_vl_rfs.v:2452]
INFO: [Synth 8-6155] done synthesizing module 'generic_baseblocks_v2_1_0_mux_enc' (7#1) [c:/Users/0/Midget/SKL/SKL_Zed_PS_SPI/SKL_Zed_PS_SPI.gen/sources_1/bd/Zed_SPI/ipshared/b752/hdl/generic_baseblocks_v2_1_vl_rfs.v:2452]
INFO: [Synth 8-6157] synthesizing module 'generic_baseblocks_v2_1_0_mux_enc__parameterized0' [c:/Users/0/Midget/SKL/SKL_Zed_PS_SPI/SKL_Zed_PS_SPI.gen/sources_1/bd/Zed_SPI/ipshared/b752/hdl/generic_baseblocks_v2_1_vl_rfs.v:2452]
INFO: [Synth 8-6155] done synthesizing module 'generic_baseblocks_v2_1_0_mux_enc__parameterized0' (7#1) [c:/Users/0/Midget/SKL/SKL_Zed_PS_SPI/SKL_Zed_PS_SPI.gen/sources_1/bd/Zed_SPI/ipshared/b752/hdl/generic_baseblocks_v2_1_vl_rfs.v:2452]
INFO: [Synth 8-6157] synthesizing module 'generic_baseblocks_v2_1_0_mux_enc__parameterized1' [c:/Users/0/Midget/SKL/SKL_Zed_PS_SPI/SKL_Zed_PS_SPI.gen/sources_1/bd/Zed_SPI/ipshared/b752/hdl/generic_baseblocks_v2_1_vl_rfs.v:2452]
INFO: [Synth 8-6155] done synthesizing module 'generic_baseblocks_v2_1_0_mux_enc__parameterized1' (7#1) [c:/Users/0/Midget/SKL/SKL_Zed_PS_SPI/SKL_Zed_PS_SPI.gen/sources_1/bd/Zed_SPI/ipshared/b752/hdl/generic_baseblocks_v2_1_vl_rfs.v:2452]
INFO: [Synth 8-6157] synthesizing module 'axi_register_slice_v2_1_24_axic_register_slice' [c:/Users/0/Midget/SKL/SKL_Zed_PS_SPI/SKL_Zed_PS_SPI.gen/sources_1/bd/Zed_SPI/ipshared/8f68/hdl/axi_register_slice_v2_1_vl_rfs.v:1498]
INFO: [Synth 8-6155] done synthesizing module 'axi_register_slice_v2_1_24_axic_register_slice' (8#1) [c:/Users/0/Midget/SKL/SKL_Zed_PS_SPI/SKL_Zed_PS_SPI.gen/sources_1/bd/Zed_SPI/ipshared/8f68/hdl/axi_register_slice_v2_1_vl_rfs.v:1498]
INFO: [Synth 8-6157] synthesizing module 'generic_baseblocks_v2_1_0_mux_enc__parameterized2' [c:/Users/0/Midget/SKL/SKL_Zed_PS_SPI/SKL_Zed_PS_SPI.gen/sources_1/bd/Zed_SPI/ipshared/b752/hdl/generic_baseblocks_v2_1_vl_rfs.v:2452]
INFO: [Synth 8-6155] done synthesizing module 'generic_baseblocks_v2_1_0_mux_enc__parameterized2' (8#1) [c:/Users/0/Midget/SKL/SKL_Zed_PS_SPI/SKL_Zed_PS_SPI.gen/sources_1/bd/Zed_SPI/ipshared/b752/hdl/generic_baseblocks_v2_1_vl_rfs.v:2452]
INFO: [Synth 8-6155] done synthesizing module 'axi_crossbar_v2_1_25_crossbar_sasd' (9#1) [c:/Users/0/Midget/SKL/SKL_Zed_PS_SPI/SKL_Zed_PS_SPI.gen/sources_1/bd/Zed_SPI/ipshared/3917/hdl/axi_crossbar_v2_1_vl_rfs.v:1240]
INFO: [Synth 8-6155] done synthesizing module 'axi_crossbar_v2_1_25_axi_crossbar' (10#1) [c:/Users/0/Midget/SKL/SKL_Zed_PS_SPI/SKL_Zed_PS_SPI.gen/sources_1/bd/Zed_SPI/ipshared/3917/hdl/axi_crossbar_v2_1_vl_rfs.v:4884]
INFO: [Synth 8-6155] done synthesizing module 'Zed_SPI_xbar_2' (11#1) [c:/Users/0/Midget/SKL/SKL_Zed_PS_SPI/SKL_Zed_PS_SPI.gen/sources_1/bd/Zed_SPI/ip/Zed_SPI_xbar_2/synth/Zed_SPI_xbar_2.v:59]
---------------------------------------------------------------------------------
Finished RTL Elaboration : Time (s): cpu = 00:00:27 ; elapsed = 00:00:33 . Memory (MB): peak = 1287.258 ; gain = 29.914
---------------------------------------------------------------------------------
---------------------------------------------------------------------------------
Start Handling Custom Attributes
---------------------------------------------------------------------------------
---------------------------------------------------------------------------------
Finished Handling Custom Attributes : Time (s): cpu = 00:00:27 ; elapsed = 00:00:34 . Memory (MB): peak = 1287.258 ; gain = 29.914
---------------------------------------------------------------------------------
---------------------------------------------------------------------------------
Finished RTL Optimization Phase 1 : Time (s): cpu = 00:00:27 ; elapsed = 00:00:34 . Memory (MB): peak = 1287.258 ; gain = 29.914
---------------------------------------------------------------------------------
Netlist sorting complete. Time (s): cpu = 00:00:00 ; elapsed = 00:00:00.044 . Memory (MB): peak = 1287.258 ; gain = 0.000
INFO: [Project 1-570] Preparing netlist for logic optimization

Processing XDC Constraints
Initializing timing engine
Parsing XDC File [c:/Users/0/Midget/SKL/SKL_Zed_PS_SPI/SKL_Zed_PS_SPI.gen/sources_1/bd/Zed_SPI/ip/Zed_SPI_xbar_2/Zed_SPI_xbar_2_ooc.xdc] for cell 'inst'
Finished Parsing XDC File [c:/Users/0/Midget/SKL/SKL_Zed_PS_SPI/SKL_Zed_PS_SPI.gen/sources_1/bd/Zed_SPI/ip/Zed_SPI_xbar_2/Zed_SPI_xbar_2_ooc.xdc] for cell 'inst'
Parsing XDC File [C:/Users/0/Midget/SKL/SKL_Zed_PS_SPI/SKL_Zed_PS_SPI.runs/Zed_SPI_xbar_2_synth_1/dont_touch.xdc]
Finished Parsing XDC File [C:/Users/0/Midget/SKL/SKL_Zed_PS_SPI/SKL_Zed_PS_SPI.runs/Zed_SPI_xbar_2_synth_1/dont_touch.xdc]
Completed Processing XDC Constraints

Netlist sorting complete. Time (s): cpu = 00:00:00 ; elapsed = 00:00:00.001 . Memory (MB): peak = 1300.086 ; gain = 0.000
INFO: [Project 1-111] Unisim Transformation Summary:
No Unisim elements were transformed.

Constraint Validation Runtime : Time (s): cpu = 00:00:00 ; elapsed = 00:00:00.068 . Memory (MB): peak = 1312.055 ; gain = 11.969
---------------------------------------------------------------------------------
Finished Constraint Validation : Time (s): cpu = 00:00:41 ; elapsed = 00:00:48 . Memory (MB): peak = 1312.055 ; gain = 54.711
---------------------------------------------------------------------------------
---------------------------------------------------------------------------------
Start Loading Part and Timing Information
---------------------------------------------------------------------------------
Loading part: xc7z020clg484-1
---------------------------------------------------------------------------------
Finished Loading Part and Timing Information : Time (s): cpu = 00:00:41 ; elapsed = 00:00:48 . Memory (MB): peak = 1312.055 ; gain = 54.711
---------------------------------------------------------------------------------
---------------------------------------------------------------------------------
Start Applying 'set_property' XDC Constraints
---------------------------------------------------------------------------------
Applied set_property KEEP_HIERARCHY = SOFT for inst. (constraint file  C:/Users/0/Midget/SKL/SKL_Zed_PS_SPI/SKL_Zed_PS_SPI.runs/Zed_SPI_xbar_2_synth_1/dont_touch.xdc, line 9).
---------------------------------------------------------------------------------
Finished applying 'set_property' XDC Constraints : Time (s): cpu = 00:00:41 ; elapsed = 00:00:48 . Memory (MB): peak = 1312.055 ; gain = 54.711
---------------------------------------------------------------------------------
---------------------------------------------------------------------------------
Finished RTL Optimization Phase 2 : Time (s): cpu = 00:00:42 ; elapsed = 00:00:49 . Memory (MB): peak = 1312.055 ; gain = 54.711
---------------------------------------------------------------------------------
---------------------------------------------------------------------------------
Start RTL Component Statistics 
---------------------------------------------------------------------------------
Detailed RTL Component Info : 
+---Registers : 
	               64 Bit    Registers := 1     
	               36 Bit    Registers := 2     
	                3 Bit    Registers := 2     
	                2 Bit    Registers := 3     
	                1 Bit    Registers := 14    
+---Muxes : 
	   2 Input   64 Bit        Muxes := 1     
	   2 Input   36 Bit        Muxes := 2     
	   2 Input    3 Bit        Muxes := 1     
	   2 Input    2 Bit        Muxes := 2     
	   2 Input    1 Bit        Muxes := 30    
---------------------------------------------------------------------------------
Finished RTL Component Statistics 
---------------------------------------------------------------------------------
---------------------------------------------------------------------------------
Start Part Resource Summary
---------------------------------------------------------------------------------
Part Resources:
DSPs: 220 (col length:60)
BRAMs: 280 (col length: RAMB18 60 RAMB36 30)
---------------------------------------------------------------------------------
Finished Part Resource Summary
---------------------------------------------------------------------------------
---------------------------------------------------------------------------------
Start Cross Boundary and Area Optimization
---------------------------------------------------------------------------------
---------------------------------------------------------------------------------
Finished Cross Boundary and Area Optimization : Time (s): cpu = 00:00:45 ; elapsed = 00:00:53 . Memory (MB): peak = 1312.055 ; gain = 54.711
---------------------------------------------------------------------------------
---------------------------------------------------------------------------------
Start Applying XDC Timing Constraints
---------------------------------------------------------------------------------
---------------------------------------------------------------------------------
Finished Applying XDC Timing Constraints : Time (s): cpu = 00:00:57 ; elapsed = 00:01:06 . Memory (MB): peak = 1312.055 ; gain = 54.711
---------------------------------------------------------------------------------
---------------------------------------------------------------------------------
Start Timing Optimization
---------------------------------------------------------------------------------
---------------------------------------------------------------------------------
Finished Timing Optimization : Time (s): cpu = 00:00:58 ; elapsed = 00:01:07 . Memory (MB): peak = 1312.055 ; gain = 54.711
---------------------------------------------------------------------------------
---------------------------------------------------------------------------------
Start Technology Mapping
---------------------------------------------------------------------------------
---------------------------------------------------------------------------------
Finished Technology Mapping : Time (s): cpu = 00:00:58 ; elapsed = 00:01:07 . Memory (MB): peak = 1314.801 ; gain = 57.457
---------------------------------------------------------------------------------
---------------------------------------------------------------------------------
Start IO Insertion
---------------------------------------------------------------------------------
---------------------------------------------------------------------------------
Start Flattening Before IO Insertion
---------------------------------------------------------------------------------
---------------------------------------------------------------------------------
Finished Flattening Before IO Insertion
---------------------------------------------------------------------------------
---------------------------------------------------------------------------------
Start Final Netlist Cleanup
---------------------------------------------------------------------------------
---------------------------------------------------------------------------------
Finished Final Netlist Cleanup
---------------------------------------------------------------------------------
---------------------------------------------------------------------------------
Finished IO Insertion : Time (s): cpu = 00:01:03 ; elapsed = 00:01:12 . Memory (MB): peak = 1314.801 ; gain = 57.457
---------------------------------------------------------------------------------
---------------------------------------------------------------------------------
Start Renaming Generated Instances
---------------------------------------------------------------------------------
---------------------------------------------------------------------------------
Finished Renaming Generated Instances : Time (s): cpu = 00:01:03 ; elapsed = 00:01:12 . Memory (MB): peak = 1314.801 ; gain = 57.457
---------------------------------------------------------------------------------
---------------------------------------------------------------------------------
Start Rebuilding User Hierarchy
---------------------------------------------------------------------------------
---------------------------------------------------------------------------------
Finished Rebuilding User Hierarchy : Time (s): cpu = 00:01:03 ; elapsed = 00:01:12 . Memory (MB): peak = 1314.801 ; gain = 57.457
---------------------------------------------------------------------------------
---------------------------------------------------------------------------------
Start Renaming Generated Ports
---------------------------------------------------------------------------------
---------------------------------------------------------------------------------
Finished Renaming Generated Ports : Time (s): cpu = 00:01:03 ; elapsed = 00:01:12 . Memory (MB): peak = 1314.801 ; gain = 57.457
---------------------------------------------------------------------------------
---------------------------------------------------------------------------------
Start Handling Custom Attributes
---------------------------------------------------------------------------------
---------------------------------------------------------------------------------
Finished Handling Custom Attributes : Time (s): cpu = 00:01:03 ; elapsed = 00:01:12 . Memory (MB): peak = 1314.801 ; gain = 57.457
---------------------------------------------------------------------------------
---------------------------------------------------------------------------------
Start Renaming Generated Nets
---------------------------------------------------------------------------------
---------------------------------------------------------------------------------
Finished Renaming Generated Nets : Time (s): cpu = 00:01:03 ; elapsed = 00:01:12 . Memory (MB): peak = 1314.801 ; gain = 57.457
---------------------------------------------------------------------------------
---------------------------------------------------------------------------------
Start Writing Synthesis Report
---------------------------------------------------------------------------------

Report BlackBoxes: 
+-+--------------+----------+
| |BlackBox name |Instances |
+-+--------------+----------+
+-+--------------+----------+

Report Cell Usage: 
+------+-----+------+
|      |Cell |Count |
+------+-----+------+
|1     |LUT1 |     2|
|2     |LUT2 |     9|
|3     |LUT3 |     5|
|4     |LUT4 |    49|
|5     |LUT5 |    16|
|6     |LUT6 |    54|
|7     |FDRE |   130|
+------+-----+------+
---------------------------------------------------------------------------------
Finished Writing Synthesis Report : Time (s): cpu = 00:01:03 ; elapsed = 00:01:12 . Memory (MB): peak = 1314.801 ; gain = 57.457
---------------------------------------------------------------------------------
Synthesis finished with 0 errors, 0 critical warnings and 0 warnings.
Synthesis Optimization Runtime : Time (s): cpu = 00:00:31 ; elapsed = 00:01:07 . Memory (MB): peak = 1314.801 ; gain = 32.660
Synthesis Optimization Complete : Time (s): cpu = 00:01:03 ; elapsed = 00:01:13 . Memory (MB): peak = 1314.801 ; gain = 57.457
INFO: [Project 1-571] Translating synthesized netlist
Netlist sorting complete. Time (s): cpu = 00:00:00 ; elapsed = 00:00:00.030 . Memory (MB): peak = 1323.629 ; gain = 0.000
INFO: [Project 1-570] Preparing netlist for logic optimization
INFO: [Opt 31-138] Pushed 0 inverter(s) to 0 load pin(s).
Netlist sorting complete. Time (s): cpu = 00:00:00 ; elapsed = 00:00:00.001 . Memory (MB): peak = 1335.266 ; gain = 0.000
INFO: [Project 1-111] Unisim Transformation Summary:
No Unisim elements were transformed.

Synth Design complete, checksum: f0bc5826
INFO: [Common 17-83] Releasing license: Synthesis
47 Infos, 0 Warnings, 0 Critical Warnings and 0 Errors encountered.
synth_design completed successfully
synth_design: Time (s): cpu = 00:01:11 ; elapsed = 00:01:23 . Memory (MB): peak = 1335.266 ; gain = 77.922
INFO: [Common 17-1381] The checkpoint 'C:/Users/0/Midget/SKL/SKL_Zed_PS_SPI/SKL_Zed_PS_SPI.runs/Zed_SPI_xbar_2_synth_1/Zed_SPI_xbar_2.dcp' has been generated.
INFO: [Coretcl 2-1648] Added synthesis output to IP cache for IP Zed_SPI_xbar_2, cache-ID = 3e0d7eba1936b32f
INFO: [Coretcl 2-1174] Renamed 7 cell refs.
INFO: [Common 17-1381] The checkpoint 'C:/Users/0/Midget/SKL/SKL_Zed_PS_SPI/SKL_Zed_PS_SPI.runs/Zed_SPI_xbar_2_synth_1/Zed_SPI_xbar_2.dcp' has been generated.
INFO: [runtcl-4] Executing : report_utilization -file Zed_SPI_xbar_2_utilization_synth.rpt -pb Zed_SPI_xbar_2_utilization_synth.pb
INFO: [Common 17-206] Exiting Vivado at Mon Nov 15 15:18:08 2021...
