Copyright 1986-2021 Xilinx, Inc. All Rights Reserved.
-------------------------------------------------------------------------------------------------------------------------------------------------------------------
| Tool Version     : Vivado v.2021.2 (lin64) Build 3367213 Tue Oct 19 02:47:39 MDT 2021
| Date             : Wed Mar 30 08:18:47 2022
| Host             : labish-OptiPlex-9010 running 64-bit Ubuntu 18.04.6 LTS
| Command          : report_power -file Zed_SPI_wrapper_power_routed.rpt -pb Zed_SPI_wrapper_power_summary_routed.pb -rpx Zed_SPI_wrapper_power_routed.rpx
| Design           : Zed_SPI_wrapper
| Device           : xc7z020clg484-1
| Design State     : routed
| Grade            : commercial
| Process          : typical
| Characterization : Production
-------------------------------------------------------------------------------------------------------------------------------------------------------------------

Power Report

Table of Contents
-----------------
1. Summary
1.1 On-Chip Components
1.2 Power Supply Summary
1.3 Confidence Level
2. Settings
2.1 Environment
2.2 Clock Constraints
3. Detailed Reports
3.1 By Hierarchy

1. Summary
----------

+--------------------------+--------------+
| Total On-Chip Power (W)  | 1.968        |
| Design Power Budget (W)  | Unspecified* |
| Power Budget Margin (W)  | NA           |
| Dynamic (W)              | 1.804        |
| Device Static (W)        | 0.164        |
| Effective TJA (C/W)      | 11.5         |
| Max Ambient (C)          | 62.3         |
| Junction Temperature (C) | 47.7         |
| Confidence Level         | Low          |
| Setting File             | ---          |
| Simulation Activity File | ---          |
| Design Nets Matched      | NA           |
+--------------------------+--------------+
* Specify Design Power Budget using, set_operating_conditions -design_power_budget <value in Watts>


1.1 On-Chip Components
----------------------

+--------------------------+-----------+----------+-----------+-----------------+
| On-Chip                  | Power (W) | Used     | Available | Utilization (%) |
+--------------------------+-----------+----------+-----------+-----------------+
| Clocks                   |     0.050 |        7 |       --- |             --- |
| Slice Logic              |     0.011 |    15138 |       --- |             --- |
|   LUT as Logic           |     0.010 |     6295 |     53200 |           11.83 |
|   CARRY4                 |    <0.001 |      146 |     13300 |            1.10 |
|   Register               |    <0.001 |     6289 |    106400 |            5.91 |
|   F7/F8 Muxes            |    <0.001 |      413 |     53200 |            0.78 |
|   LUT as Shift Register  |    <0.001 |      151 |     17400 |            0.87 |
|   Others                 |     0.000 |      435 |       --- |             --- |
|   LUT as Distributed RAM |     0.000 |       16 |     17400 |            0.09 |
| Signals                  |     0.026 |    10689 |       --- |             --- |
| Block RAM                |     0.032 |     98.5 |       140 |           70.36 |
| MMCM                     |     0.107 |        1 |         4 |           25.00 |
| I/O                      |     0.038 |       45 |       200 |           22.50 |
| PS7                      |     1.540 |        1 |       --- |             --- |
| Static Power             |     0.164 |          |           |                 |
| Total                    |     1.968 |          |           |                 |
+--------------------------+-----------+----------+-----------+-----------------+


1.2 Power Supply Summary
------------------------

+-----------+-------------+-----------+-------------+------------+-------------+-------------+------------+
| Source    | Voltage (V) | Total (A) | Dynamic (A) | Static (A) | Powerup (A) | Budget (A)  | Margin (A) |
+-----------+-------------+-----------+-------------+------------+-------------+-------------+------------+
| Vccint    |       1.000 |     0.138 |       0.118 |      0.021 |       NA    | Unspecified | NA         |
| Vccaux    |       1.800 |     0.077 |       0.060 |      0.016 |       NA    | Unspecified | NA         |
| Vcco33    |       3.300 |     0.012 |       0.011 |      0.001 |       NA    | Unspecified | NA         |
| Vcco25    |       2.500 |     0.000 |       0.000 |      0.000 |       NA    | Unspecified | NA         |
| Vcco18    |       1.800 |     0.001 |       0.000 |      0.001 |       NA    | Unspecified | NA         |
| Vcco15    |       1.500 |     0.000 |       0.000 |      0.000 |       NA    | Unspecified | NA         |
| Vcco135   |       1.350 |     0.000 |       0.000 |      0.000 |       NA    | Unspecified | NA         |
| Vcco12    |       1.200 |     0.000 |       0.000 |      0.000 |       NA    | Unspecified | NA         |
| Vccaux_io |       1.800 |     0.000 |       0.000 |      0.000 |       NA    | Unspecified | NA         |
| Vccbram   |       1.000 |     0.010 |       0.002 |      0.008 |       NA    | Unspecified | NA         |
| MGTAVcc   |       1.000 |     0.000 |       0.000 |      0.000 |       NA    | Unspecified | NA         |
| MGTAVtt   |       1.200 |     0.000 |       0.000 |      0.000 |       NA    | Unspecified | NA         |
| MGTVccaux |       1.800 |     0.000 |       0.000 |      0.000 |       NA    | Unspecified | NA         |
| Vccpint   |       1.000 |     0.762 |       0.728 |      0.033 |       NA    | Unspecified | NA         |
| Vccpaux   |       1.800 |     0.061 |       0.051 |      0.010 |       NA    | Unspecified | NA         |
| Vccpll    |       1.800 |     0.017 |       0.014 |      0.003 |       NA    | Unspecified | NA         |
| Vcco_ddr  |       1.500 |     0.459 |       0.457 |      0.002 |       NA    | Unspecified | NA         |
| Vcco_mio0 |       3.300 |     0.003 |       0.002 |      0.001 |       NA    | Unspecified | NA         |
| Vcco_mio1 |       1.800 |     0.003 |       0.002 |      0.001 |       NA    | Unspecified | NA         |
| Vccadc    |       1.800 |     0.020 |       0.000 |      0.020 |       NA    | Unspecified | NA         |
+-----------+-------------+-----------+-------------+------------+-------------+-------------+------------+


1.3 Confidence Level
--------------------

+-----------------------------+------------+--------------------------------------------------------+------------------------------------------------------------------------------------------------------------+
| User Input Data             | Confidence | Details                                                | Action                                                                                                     |
+-----------------------------+------------+--------------------------------------------------------+------------------------------------------------------------------------------------------------------------+
| Design implementation state | High       | Design is routed                                       |                                                                                                            |
| Clock nodes activity        | High       | User specified more than 95% of clocks                 |                                                                                                            |
| I/O nodes activity          | Low        | More than 75% of inputs are missing user specification | Provide missing input activity with simulation results or by editing the "By Resource Type -> I/Os" view   |
| Internal nodes activity     | Medium     | User specified less than 25% of internal nodes         | Provide missing internal nodes activity with simulation results or by editing the "By Resource Type" views |
| Device models               | High       | Device models are Production                           |                                                                                                            |
|                             |            |                                                        |                                                                                                            |
| Overall confidence level    | Low        |                                                        |                                                                                                            |
+-----------------------------+------------+--------------------------------------------------------+------------------------------------------------------------------------------------------------------------+


2. Settings
-----------

2.1 Environment
---------------

+-----------------------+------------------------+
| Ambient Temp (C)      | 25.0                   |
| ThetaJA (C/W)         | 11.5                   |
| Airflow (LFM)         | 250                    |
| Heat Sink             | none                   |
| ThetaSA (C/W)         | 0.0                    |
| Board Selection       | medium (10"x10")       |
| # of Board Layers     | 8to11 (8 to 11 Layers) |
| Board Temperature (C) | 25.0                   |
+-----------------------+------------------------+


2.2 Clock Constraints
---------------------

+------------------------------+------------------------------------------------------------+-----------------+
| Clock                        | Domain                                                     | Constraint (ns) |
+------------------------------+------------------------------------------------------------+-----------------+
| clk_fpga_0                   | Zed_SPI_i/processing_system7_0/inst/FCLK_CLK0              |            10.0 |
| clk_fpga_0                   | Zed_SPI_i/processing_system7_0/inst/FCLK_CLK_unbuffered[0] |            10.0 |
| clk_out1_Zed_SPI_clk_wiz_0_0 | Zed_SPI_i/clk_wiz_0/inst/clk_out1_Zed_SPI_clk_wiz_0_0      |             4.0 |
| clk_out2_Zed_SPI_clk_wiz_0_0 | Zed_SPI_i/clk_wiz_0/inst/clk_out2_Zed_SPI_clk_wiz_0_0      |             4.0 |
| clkfbout_Zed_SPI_clk_wiz_0_0 | Zed_SPI_i/clk_wiz_0/inst/clkfbout_Zed_SPI_clk_wiz_0_0      |            10.0 |
+------------------------------+------------------------------------------------------------+-----------------+


3. Detailed Reports
-------------------

3.1 By Hierarchy
----------------

+----------------------------+-----------+
| Name                       | Power (W) |
+----------------------------+-----------+
| Zed_SPI_wrapper            |     1.804 |
|   Zed_SPI_i                |     1.765 |
|     PL_SPI_ADAR_v1_0_0     |     0.006 |
|       inst                 |     0.006 |
|     PL_SPI_ADC_MasterStr_0 |     0.055 |
|       inst                 |     0.055 |
|     PL_SPI_ADF4159_v1_0_0  |     0.008 |
|       inst                 |     0.008 |
|     PL_SPI_DDS_v1_0_0      |     0.007 |
|       inst                 |     0.007 |
|     axi_dma                |     0.026 |
|       U0                   |     0.026 |
|     axi_mem_intercon       |     0.006 |
|       s00_couplers         |     0.006 |
|     clk_wiz_0              |     0.108 |
|       inst                 |     0.108 |
|     processing_system7_0   |     1.541 |
|       inst                 |     1.541 |
|     ps7_0_axi_periph       |     0.006 |
|       s00_couplers         |     0.005 |
|       xbar                 |     0.001 |
+----------------------------+-----------+


