
*** Running vivado
    with args -log Zed_SPI_PL_SPI_ADF4159_v1_0_0_0.vds -m64 -product Vivado -mode batch -messageDb vivado.pb -notrace -source Zed_SPI_PL_SPI_ADF4159_v1_0_0_0.tcl



****** Vivado v2021.1 (64-bit)
  **** SW Build 3247384 on Thu Jun 10 19:36:33 MDT 2021
  **** IP Build 3246043 on Fri Jun 11 00:30:35 MDT 2021
    ** Copyright 1986-2021 Xilinx, Inc. All Rights Reserved.

source Zed_SPI_PL_SPI_ADF4159_v1_0_0_0.tcl -notrace
create_project: Time (s): cpu = 00:00:03 ; elapsed = 00:00:08 . Memory (MB): peak = 1281.840 ; gain = 0.000
INFO: [IP_Flow 19-234] Refreshing IP repositories
INFO: [IP_Flow 19-1700] Loaded user IP repository 'c:/Users/0/Midget/SKL/ip_repo'.
INFO: [IP_Flow 19-2313] Loaded Vivado IP repository 'C:/Xilinx/Vivado/2021.1/data/ip'.
Command: synth_design -top Zed_SPI_PL_SPI_ADF4159_v1_0_0_0 -part xc7z020clg484-1 -mode out_of_context
Starting synth_design
Attempting to get a license for feature 'Synthesis' and/or device 'xc7z020'
INFO: [Common 17-349] Got license for feature 'Synthesis' and/or device 'xc7z020'
INFO: [Device 21-403] Loading part xc7z020clg484-1
INFO: [Synth 8-7079] Multithreading enabled for synth_design using a maximum of 2 processes.
INFO: [Synth 8-7078] Launching helper process for spawning children vivado processes
INFO: [Synth 8-7075] Helper process launched with PID 15932
WARNING: [Synth 8-6901] identifier 'w_StatusReg' is used before its declaration [c:/Users/0/Midget/SKL/SKL_Zed_PS_SPI/SKL_Zed_PS_SPI.gen/sources_1/bd/Zed_SPI/ipshared/28af/hdl/PL_SPI_ADF4159_v1_0_S00_AXI.v:313]
WARNING: [Synth 8-6901] identifier 'w_StatusReg' is used before its declaration [c:/Users/0/Midget/SKL/SKL_Zed_PS_SPI/SKL_Zed_PS_SPI.gen/sources_1/bd/Zed_SPI/ipshared/28af/hdl/PL_SPI_ADF4159_v1_0_S00_AXI.v:314]
WARNING: [Synth 8-6901] identifier 'w_RxBuffer' is used before its declaration [c:/Users/0/Midget/SKL/SKL_Zed_PS_SPI/SKL_Zed_PS_SPI.gen/sources_1/bd/Zed_SPI/ipshared/28af/hdl/PL_SPI_ADF4159_v1_0_S00_AXI.v:315]
---------------------------------------------------------------------------------
Starting RTL Elaboration : Time (s): cpu = 00:00:09 ; elapsed = 00:00:21 . Memory (MB): peak = 1281.840 ; gain = 0.000
---------------------------------------------------------------------------------
INFO: [Synth 8-6157] synthesizing module 'Zed_SPI_PL_SPI_ADF4159_v1_0_0_0' [c:/Users/0/Midget/SKL/SKL_Zed_PS_SPI/SKL_Zed_PS_SPI.gen/sources_1/bd/Zed_SPI/ip/Zed_SPI_PL_SPI_ADF4159_v1_0_0_0/synth/Zed_SPI_PL_SPI_ADF4159_v1_0_0_0.v:58]
INFO: [Synth 8-6157] synthesizing module 'PL_SPI_ADF4159_v1_0' [c:/Users/0/Midget/SKL/SKL_Zed_PS_SPI/SKL_Zed_PS_SPI.gen/sources_1/bd/Zed_SPI/ipshared/28af/hdl/PL_SPI_ADF4159_v1_0.v:4]
INFO: [Synth 8-6157] synthesizing module 'PL_SPI_ADF4159_v1_0_S00_AXI' [c:/Users/0/Midget/SKL/SKL_Zed_PS_SPI/SKL_Zed_PS_SPI.gen/sources_1/bd/Zed_SPI/ipshared/28af/hdl/PL_SPI_ADF4159_v1_0_S00_AXI.v:4]
INFO: [Synth 8-226] default block is never used [c:/Users/0/Midget/SKL/SKL_Zed_PS_SPI/SKL_Zed_PS_SPI.gen/sources_1/bd/Zed_SPI/ipshared/28af/hdl/PL_SPI_ADF4159_v1_0_S00_AXI.v:243]
INFO: [Synth 8-226] default block is never used [c:/Users/0/Midget/SKL/SKL_Zed_PS_SPI/SKL_Zed_PS_SPI.gen/sources_1/bd/Zed_SPI/ipshared/28af/hdl/PL_SPI_ADF4159_v1_0_S00_AXI.v:421]
INFO: [Synth 8-6157] synthesizing module 'PL_SPI' [c:/Users/0/Midget/SKL/SKL_Zed_PS_SPI/SKL_Zed_PS_SPI.gen/sources_1/bd/Zed_SPI/ipshared/28af/src/PL_SPI.v:27]
WARNING: [Synth 8-311] ignoring non-constant assignment in initial block [c:/Users/0/Midget/SKL/SKL_Zed_PS_SPI/SKL_Zed_PS_SPI.gen/sources_1/bd/Zed_SPI/ipshared/28af/src/PL_SPI.v:368]
INFO: [Synth 8-6155] done synthesizing module 'PL_SPI' (1#1) [c:/Users/0/Midget/SKL/SKL_Zed_PS_SPI/SKL_Zed_PS_SPI.gen/sources_1/bd/Zed_SPI/ipshared/28af/src/PL_SPI.v:27]
INFO: [Synth 8-6155] done synthesizing module 'PL_SPI_ADF4159_v1_0_S00_AXI' (2#1) [c:/Users/0/Midget/SKL/SKL_Zed_PS_SPI/SKL_Zed_PS_SPI.gen/sources_1/bd/Zed_SPI/ipshared/28af/hdl/PL_SPI_ADF4159_v1_0_S00_AXI.v:4]
INFO: [Synth 8-6155] done synthesizing module 'PL_SPI_ADF4159_v1_0' (3#1) [c:/Users/0/Midget/SKL/SKL_Zed_PS_SPI/SKL_Zed_PS_SPI.gen/sources_1/bd/Zed_SPI/ipshared/28af/hdl/PL_SPI_ADF4159_v1_0.v:4]
INFO: [Synth 8-6155] done synthesizing module 'Zed_SPI_PL_SPI_ADF4159_v1_0_0_0' (4#1) [c:/Users/0/Midget/SKL/SKL_Zed_PS_SPI/SKL_Zed_PS_SPI.gen/sources_1/bd/Zed_SPI/ip/Zed_SPI_PL_SPI_ADF4159_v1_0_0_0/synth/Zed_SPI_PL_SPI_ADF4159_v1_0_0_0.v:58]
---------------------------------------------------------------------------------
Finished RTL Elaboration : Time (s): cpu = 00:00:13 ; elapsed = 00:00:29 . Memory (MB): peak = 1281.840 ; gain = 0.000
---------------------------------------------------------------------------------
---------------------------------------------------------------------------------
Start Handling Custom Attributes
---------------------------------------------------------------------------------
---------------------------------------------------------------------------------
Finished Handling Custom Attributes : Time (s): cpu = 00:00:14 ; elapsed = 00:00:31 . Memory (MB): peak = 1281.840 ; gain = 0.000
---------------------------------------------------------------------------------
---------------------------------------------------------------------------------
Finished RTL Optimization Phase 1 : Time (s): cpu = 00:00:14 ; elapsed = 00:00:31 . Memory (MB): peak = 1281.840 ; gain = 0.000
---------------------------------------------------------------------------------
Netlist sorting complete. Time (s): cpu = 00:00:00 ; elapsed = 00:00:00.119 . Memory (MB): peak = 1281.840 ; gain = 0.000
INFO: [Project 1-570] Preparing netlist for logic optimization

Processing XDC Constraints
Initializing timing engine
Completed Processing XDC Constraints

Netlist sorting complete. Time (s): cpu = 00:00:00 ; elapsed = 00:00:00.001 . Memory (MB): peak = 1299.523 ; gain = 0.000
INFO: [Project 1-111] Unisim Transformation Summary:
No Unisim elements were transformed.

Constraint Validation Runtime : Time (s): cpu = 00:00:00 ; elapsed = 00:00:00.156 . Memory (MB): peak = 1299.523 ; gain = 0.000
---------------------------------------------------------------------------------
Finished Constraint Validation : Time (s): cpu = 00:00:29 ; elapsed = 00:00:56 . Memory (MB): peak = 1299.523 ; gain = 17.684
---------------------------------------------------------------------------------
---------------------------------------------------------------------------------
Start Loading Part and Timing Information
---------------------------------------------------------------------------------
Loading part: xc7z020clg484-1
---------------------------------------------------------------------------------
Finished Loading Part and Timing Information : Time (s): cpu = 00:00:29 ; elapsed = 00:00:56 . Memory (MB): peak = 1299.523 ; gain = 17.684
---------------------------------------------------------------------------------
---------------------------------------------------------------------------------
Start Applying 'set_property' XDC Constraints
---------------------------------------------------------------------------------
---------------------------------------------------------------------------------
Finished applying 'set_property' XDC Constraints : Time (s): cpu = 00:00:29 ; elapsed = 00:00:56 . Memory (MB): peak = 1299.523 ; gain = 17.684
---------------------------------------------------------------------------------
---------------------------------------------------------------------------------
Finished RTL Optimization Phase 2 : Time (s): cpu = 00:00:33 ; elapsed = 00:01:02 . Memory (MB): peak = 1299.523 ; gain = 17.684
---------------------------------------------------------------------------------
---------------------------------------------------------------------------------
Start RTL Component Statistics 
---------------------------------------------------------------------------------
Detailed RTL Component Info : 
+---Adders : 
	   2 Input   32 Bit       Adders := 4     
	   2 Input   12 Bit       Adders := 3     
	   2 Input   11 Bit       Adders := 1     
	   2 Input    8 Bit       Adders := 3     
	   2 Input    4 Bit       Adders := 2     
	   2 Input    3 Bit       Adders := 1     
+---Registers : 
	               32 Bit    Registers := 11    
	               12 Bit    Registers := 3     
	                8 Bit    Registers := 47    
	                5 Bit    Registers := 2     
	                4 Bit    Registers := 2     
	                3 Bit    Registers := 1     
	                2 Bit    Registers := 2     
	                1 Bit    Registers := 14    
+---Muxes : 
	   2 Input   32 Bit        Muxes := 19    
	   5 Input   32 Bit        Muxes := 1     
	   8 Input   32 Bit        Muxes := 8     
	   3 Input   32 Bit        Muxes := 1     
	   2 Input   16 Bit        Muxes := 1     
	   4 Input   16 Bit        Muxes := 1     
	   3 Input   16 Bit        Muxes := 1     
	   2 Input   12 Bit        Muxes := 10    
	   2 Input   10 Bit        Muxes := 1     
	   2 Input    8 Bit        Muxes := 364   
	   5 Input    8 Bit        Muxes := 1     
	   2 Input    4 Bit        Muxes := 16    
	   2 Input    3 Bit        Muxes := 12    
	   2 Input    1 Bit        Muxes := 81    
	   3 Input    1 Bit        Muxes := 1     
---------------------------------------------------------------------------------
Finished RTL Component Statistics 
---------------------------------------------------------------------------------
---------------------------------------------------------------------------------
Start Part Resource Summary
---------------------------------------------------------------------------------
Part Resources:
DSPs: 220 (col length:60)
BRAMs: 280 (col length: RAMB18 60 RAMB36 30)
---------------------------------------------------------------------------------
Finished Part Resource Summary
---------------------------------------------------------------------------------
---------------------------------------------------------------------------------
Start Cross Boundary and Area Optimization
---------------------------------------------------------------------------------
---------------------------------------------------------------------------------
Finished Cross Boundary and Area Optimization : Time (s): cpu = 00:00:53 ; elapsed = 00:01:27 . Memory (MB): peak = 1299.523 ; gain = 17.684
---------------------------------------------------------------------------------
---------------------------------------------------------------------------------
Start Applying XDC Timing Constraints
---------------------------------------------------------------------------------
---------------------------------------------------------------------------------
Finished Applying XDC Timing Constraints : Time (s): cpu = 00:01:07 ; elapsed = 00:01:45 . Memory (MB): peak = 1299.523 ; gain = 17.684
---------------------------------------------------------------------------------
---------------------------------------------------------------------------------
Start Timing Optimization
---------------------------------------------------------------------------------
---------------------------------------------------------------------------------
Finished Timing Optimization : Time (s): cpu = 00:01:08 ; elapsed = 00:01:45 . Memory (MB): peak = 1299.523 ; gain = 17.684
---------------------------------------------------------------------------------
---------------------------------------------------------------------------------
Start Technology Mapping
---------------------------------------------------------------------------------
---------------------------------------------------------------------------------
Finished Technology Mapping : Time (s): cpu = 00:01:09 ; elapsed = 00:01:47 . Memory (MB): peak = 1299.523 ; gain = 17.684
---------------------------------------------------------------------------------
---------------------------------------------------------------------------------
Start IO Insertion
---------------------------------------------------------------------------------
---------------------------------------------------------------------------------
Start Flattening Before IO Insertion
---------------------------------------------------------------------------------
---------------------------------------------------------------------------------
Finished Flattening Before IO Insertion
---------------------------------------------------------------------------------
---------------------------------------------------------------------------------
Start Final Netlist Cleanup
---------------------------------------------------------------------------------
---------------------------------------------------------------------------------
Finished Final Netlist Cleanup
---------------------------------------------------------------------------------
---------------------------------------------------------------------------------
Finished IO Insertion : Time (s): cpu = 00:01:17 ; elapsed = 00:01:57 . Memory (MB): peak = 1306.102 ; gain = 24.262
---------------------------------------------------------------------------------
---------------------------------------------------------------------------------
Start Renaming Generated Instances
---------------------------------------------------------------------------------
---------------------------------------------------------------------------------
Finished Renaming Generated Instances : Time (s): cpu = 00:01:17 ; elapsed = 00:01:57 . Memory (MB): peak = 1306.102 ; gain = 24.262
---------------------------------------------------------------------------------
---------------------------------------------------------------------------------
Start Rebuilding User Hierarchy
---------------------------------------------------------------------------------
---------------------------------------------------------------------------------
Finished Rebuilding User Hierarchy : Time (s): cpu = 00:01:17 ; elapsed = 00:01:57 . Memory (MB): peak = 1306.102 ; gain = 24.262
---------------------------------------------------------------------------------
---------------------------------------------------------------------------------
Start Renaming Generated Ports
---------------------------------------------------------------------------------
---------------------------------------------------------------------------------
Finished Renaming Generated Ports : Time (s): cpu = 00:01:17 ; elapsed = 00:01:57 . Memory (MB): peak = 1306.102 ; gain = 24.262
---------------------------------------------------------------------------------
---------------------------------------------------------------------------------
Start Handling Custom Attributes
---------------------------------------------------------------------------------
---------------------------------------------------------------------------------
Finished Handling Custom Attributes : Time (s): cpu = 00:01:17 ; elapsed = 00:01:57 . Memory (MB): peak = 1306.102 ; gain = 24.262
---------------------------------------------------------------------------------
---------------------------------------------------------------------------------
Start Renaming Generated Nets
---------------------------------------------------------------------------------
---------------------------------------------------------------------------------
Finished Renaming Generated Nets : Time (s): cpu = 00:01:17 ; elapsed = 00:01:57 . Memory (MB): peak = 1306.102 ; gain = 24.262
---------------------------------------------------------------------------------
---------------------------------------------------------------------------------
Start Writing Synthesis Report
---------------------------------------------------------------------------------

Report BlackBoxes: 
+-+--------------+----------+
| |BlackBox name |Instances |
+-+--------------+----------+
+-+--------------+----------+

Report Cell Usage: 
+------+-------+------+
|      |Cell   |Count |
+------+-------+------+
|1     |CARRY4 |    32|
|2     |LUT1   |    91|
|3     |LUT2   |    40|
|4     |LUT3   |   397|
|5     |LUT4   |    58|
|6     |LUT5   |    89|
|7     |LUT6   |   515|
|8     |MUXF7  |    41|
|9     |FDRE   |   763|
|10    |FDSE   |    23|
+------+-------+------+
---------------------------------------------------------------------------------
Finished Writing Synthesis Report : Time (s): cpu = 00:01:17 ; elapsed = 00:01:57 . Memory (MB): peak = 1306.102 ; gain = 24.262
---------------------------------------------------------------------------------
Synthesis finished with 0 errors, 0 critical warnings and 0 warnings.
Synthesis Optimization Runtime : Time (s): cpu = 00:00:59 ; elapsed = 00:01:49 . Memory (MB): peak = 1306.102 ; gain = 6.578
Synthesis Optimization Complete : Time (s): cpu = 00:01:18 ; elapsed = 00:01:57 . Memory (MB): peak = 1306.102 ; gain = 24.262
INFO: [Project 1-571] Translating synthesized netlist
Netlist sorting complete. Time (s): cpu = 00:00:00 ; elapsed = 00:00:00.056 . Memory (MB): peak = 1318.305 ; gain = 0.000
INFO: [Netlist 29-17] Analyzing 73 Unisim elements for replacement
INFO: [Netlist 29-28] Unisim Transformation completed in 0 CPU seconds
INFO: [Project 1-570] Preparing netlist for logic optimization
INFO: [Opt 31-138] Pushed 0 inverter(s) to 0 load pin(s).
Netlist sorting complete. Time (s): cpu = 00:00:00 ; elapsed = 00:00:00.003 . Memory (MB): peak = 1322.133 ; gain = 0.000
INFO: [Project 1-111] Unisim Transformation Summary:
No Unisim elements were transformed.

Synth Design complete, checksum: c711b5eb
INFO: [Common 17-83] Releasing license: Synthesis
27 Infos, 4 Warnings, 0 Critical Warnings and 0 Errors encountered.
synth_design completed successfully
synth_design: Time (s): cpu = 00:01:28 ; elapsed = 00:02:23 . Memory (MB): peak = 1322.133 ; gain = 40.293
INFO: [Common 17-1381] The checkpoint 'C:/Users/0/Midget/SKL/SKL_Zed_PS_SPI/SKL_Zed_PS_SPI.runs/Zed_SPI_PL_SPI_ADF4159_v1_0_0_0_synth_1/Zed_SPI_PL_SPI_ADF4159_v1_0_0_0.dcp' has been generated.
INFO: [Coretcl 2-1648] Added synthesis output to IP cache for IP Zed_SPI_PL_SPI_ADF4159_v1_0_0_0, cache-ID = a44a900879a4b85e
INFO: [Coretcl 2-1174] Renamed 3 cell refs.
INFO: [Common 17-1381] The checkpoint 'C:/Users/0/Midget/SKL/SKL_Zed_PS_SPI/SKL_Zed_PS_SPI.runs/Zed_SPI_PL_SPI_ADF4159_v1_0_0_0_synth_1/Zed_SPI_PL_SPI_ADF4159_v1_0_0_0.dcp' has been generated.
INFO: [runtcl-4] Executing : report_utilization -file Zed_SPI_PL_SPI_ADF4159_v1_0_0_0_utilization_synth.rpt -pb Zed_SPI_PL_SPI_ADF4159_v1_0_0_0_utilization_synth.pb
INFO: [Common 17-206] Exiting Vivado at Wed Dec 15 15:55:29 2021...
